make all --print-data-base --no-builtin-variables --no-builtin-rules --question
# GNU Make 4.2.1
# Built for x86_64-pc-linux-gnu
# Copyright (C) 1988-2016 Free Software Foundation, Inc.
# License GPLv3+: GNU GPL version 3 or later <http://gnu.org/licenses/gpl.html>
# This is free software: you are free to change and redistribute it.
# There is NO WARRANTY, to the extent permitted by law.

# Make data base, printed on Thu Jun  9 10:25:12 2022

# Variables

# 'override' directive
GNUMAKEFLAGS := 
# automatic
<D = $(patsubst %/,%,$(dir $<))
# automatic
?F = $(notdir $?)
# environment
DESKTOP_SESSION = ubuntu
# default
.SHELLFLAGS := -c
# makefile (from 'Makefile', line 11)
INCDIR := inc
# environment
XDG_SESSION_CLASS = user
# environment
XDG_SESSION_TYPE = x11
# environment
VSCODE_LOG_NATIVE = false
# makefile (from 'Makefile', line 7)
TARGET := 
# automatic
?D = $(patsubst %/,%,$(dir $?))
# environment
IM_CONFIG_PHASE = 1
# automatic
@D = $(patsubst %/,%,$(dir $@))
# environment
XAUTHORITY = /run/user/1000/gdm/Xauthority
# environment
GDMSESSION = ubuntu
# environment
XMODIFIERS = @im=ibus
# makefile
CURDIR := /home/magmar68/Documents/Unimi/Metodi_comp/assignment_cuda/pricer
# makefile
SHELL = /bin/sh
# environment
VSCODE_NLS_CONFIG = {"locale":"en-us","availableLanguages":{},"_languagePackSupport":true}
# environment
_ = /usr/share/code/code
# environment
JOURNAL_STREAM = 8:56588
# environment
XDG_CONFIG_DIRS = /etc/xdg/xdg-ubuntu:/etc/xdg
# makefile (from 'Makefile', line 1)
MAKEFILE_LIST :=  Makefile
# automatic
@F = $(notdir $@)
# environment
GIO_LAUNCHED_DESKTOP_FILE = /usr/share/applications/code.desktop
# environment
USERNAME = magmar68
# makefile (from 'Makefile', line 27)
SOURCES := 
# environment
MAKELEVEL := 0
# environment
MANDATORY_PATH = /usr/share/gconf/ubuntu.mandatory.path
# environment
XDG_DATA_DIRS = /usr/share/ubuntu:/usr/local/share/:/usr/share/:/var/lib/snapd/desktop
# environment
DBUS_SESSION_BUS_ADDRESS = unix:path=/run/user/1000/bus
# environment
VSCODE_VERBOSE_LOGGING = true
# makefile (from 'Makefile', line 12)
BUILDDIR := obj
# environment
MANAGERPID = 1626
# environment
LESSOPEN = | /usr/bin/lesspipe %s
# environment
LC_NAME = it_IT.UTF-8
# environment
VSCODE_CWD = /home/magmar68
# default
MAKE_HOST := x86_64-pc-linux-gnu
# environment
PATH = /home/magmar68/.local/bin:/home/magmar68/bin:/home/magmar68/.local/bin:/home/magmar68/bin:/usr/local/sbin:/usr/local/bin:/usr/sbin:/usr/bin:/sbin:/bin:/usr/games:/usr/local/games:/snap/bin:/home/magmar68/Documents/executable/julia-1.6.3/bin
# environment
GPG_AGENT_INFO = /run/user/1000/gnupg/S.gpg-agent:0:1
# environment
GJS_DEBUG_OUTPUT = stderr
# environment
SESSION_MANAGER = local/magmar68:@/tmp/.ICE-unix/1884,unix/magmar68:/tmp/.ICE-unix/1884
# environment
XDG_RUNTIME_DIR = /run/user/1000
# makefile (from 'Makefile', line 16)
OBJEXT := o
# makefile (from 'Makefile', line 20)
CCFLAGS := -rdc=true --gpu-architecture=sm_50
# environment
XDG_MENU_PREFIX = gnome-
# environment
VSCODE_LOG_STACK = false
# environment
ELECTRON_RUN_AS_NODE = 1
# environment
INVOCATION_ID = 241c29d6118c4eb78c2ad3b94768aed2
# makefile (from 'Makefile', line 19)
LDFLAGS = --gpu-architecture=sm_50
# default
.FEATURES := target-specific order-only second-expansion else-if shortest-stem undefine oneshell archives jobserver output-sync check-symlink load
# environment
LS_COLORS = 
# environment
XDG_SESSION_DESKTOP = ubuntu
# environment
SSH_AUTH_SOCK = /run/user/1000/keyring/ssh
# environment
GIO_LAUNCHED_DESKTOP_FILE_PID = 13613
# automatic
%F = $(notdir $%)
# environment
DISPLAY = :0
# makefile (from 'Makefile', line 10)
SRCDIR := src
# makefile (from 'Makefile', line 15)
DEPEXT := d
# environment
VSCODE_PIPE_LOGGING = true
# environment
PWD = /home/magmar68/Documents/Unimi/Metodi_comp/assignment_cuda/pricer
# default
.LOADED := 
# environment
SSH_AGENT_PID = 1818
# environment
ORIGINAL_XDG_CURRENT_DESKTOP = ubuntu:GNOME
# makefile (from 'Makefile', line 29)
FILTER_OBJ := 
# environment
GTK_MODULES = gail:atk-bridge
# environment
VSCODE_AMD_ENTRYPOINT = vs/workbench/api/node/extensionHostProcess
# environment
HOME = /home/magmar68
# environment
LESSCLOSE = /usr/bin/lesspipe %s %s
# environment
VSCODE_CODE_CACHE_PATH = /home/magmar68/.config/Code/CachedData/c3511e6c69bb39013c4a4b7b9566ec1ca73fc4d5
# environment
LOGNAME = magmar68
# environment
APPLICATION_INSIGHTS_NO_DIAGNOSTIC_CHANNEL = 1
# automatic
+F = $(notdir $+)
# environment
VSCODE_HANDLES_UNCAUGHT_ERRORS = true
# environment
GNOME_DESKTOP_SESSION_ID = this-is-deprecated
# automatic
^D = $(patsubst %/,%,$(dir $^))
# makefile (from 'Makefile', line 8)
TEST := 
# environment
LC_TIME = it_IT.UTF-8
# default
MAKE = $(MAKE_COMMAND)
# default
MAKECMDGOALS := all
# environment
QT_IM_MODULE = ibus
# environment
SHLVL = 0
# makefile (from 'Makefile', line 4)
CC := nvcc
# environment
GNOME_SHELL_SESSION_MODE = ubuntu
# environment
VSCODE_IPC_HOOK_EXTHOST = /run/user/1000/vscode-ipc-1216411e-5261-476b-84e0-ecbf7c412375.sock
# default
MAKE_VERSION := 4.2.1
# environment
USER = magmar68
# environment
LC_MONETARY = it_IT.UTF-8
# makefile
.DEFAULT_GOAL := all
# environment
XDG_CURRENT_DESKTOP = Unity
# makefile (from 'Makefile', line 13)
TARGETDIR := bin
# automatic
%D = $(patsubst %/,%,$(dir $%))
# environment
LC_TELEPHONE = it_IT.UTF-8
# makefile (from 'Makefile', line 2)
FILTER_IN = $(foreach v,$(2),$(if $(findstring $(1),$(v)),$(v),))
# default
MAKE_COMMAND := make
# default
.VARIABLES := 
# automatic
*F = $(notdir $*)
# environment
VSCODE_IPC_HOOK = /run/user/1000/vscode-53ec6e89-1.67.2-main.sock
# makefile
MAKEFLAGS = pqrR
# environment
MFLAGS = -pqrR
# automatic
*D = $(patsubst %/,%,$(dir $*))
# automatic
+D = $(patsubst %/,%,$(dir $+))
# environment
GDK_BACKEND = x11
# environment
LC_PAPER = it_IT.UTF-8
# makefile (from 'Makefile', line 14)
SRCEXT := cu
# environment
QT_ACCESSIBILITY = 1
# environment
DEFAULTS_PATH = /usr/share/gconf/ubuntu.default.path
# 'override' directive
.SHELLSTATUS := 0
# default
MAKEFILES := 
# environment
LC_NUMERIC = it_IT.UTF-8
# automatic
<F = $(notdir $<)
# environment
LC_MEASUREMENT = it_IT.UTF-8
# environment
LC_ALL = C
# environment
GJS_DEBUG_TOPICS = JS ERROR;JS LOG
# automatic
^F = $(notdir $^)
# default
SUFFIXES := 
# environment
CHROME_DESKTOP = code-url-handler.desktop
# environment
WINDOWPATH = 2
# default
.INCLUDE_DIRS = /usr/include /usr/local/include /usr/include
# environment
LC_IDENTIFICATION = it_IT.UTF-8
# default
.RECIPEPREFIX := 
# makefile (from 'Makefile', line 28)
OBJECTS := 
# environment
LC_ADDRESS = it_IT.UTF-8
# makefile (from 'Makefile', line 1)
FILTER_OUT = $(foreach v,$(2),$(if $(findstring $(1),$(v)),,$(v)))
# environment
LANG = C
# environment
VSCODE_PID = 13613
# variable set hash-table stats:
# Load=126/1024=12%, Rehash=0, Collisions=27/179=15%

# Pattern-specific Variable Values

# No pattern-specific variable values.

# Directories

# . (device 66311, inode 13784124): 5 files, no impossibilities.
# ./src/tests: could not be stat'd.
# src (device 66311, inode 13784143): No files, no impossibilities so far.

# 5 files, no impossibilities in 3 directories.

# Implicit Rules

obj/%.o: src/%.cu
#  recipe to execute (from 'Makefile', line 70):
	@mkdir -p $(dir $@)
 
	$(CC) $(CCFLAGS) -c -o $@ $<
	@$(CC) $(CCFLAGS) -MM $(SRCDIR)/$*.$(SRCEXT) > $(BUILDDIR)/$*.$(DEPEXT)
	@cp -f $(BUILDDIR)/$*.$(DEPEXT) $(BUILDDIR)/$*.$(DEPEXT).tmp
	@sed -e 's|.*:|$(BUILDDIR)/$*.$(OBJEXT):|' < $(BUILDDIR)/$*.$(DEPEXT).tmp > $(BUILDDIR)/$*.$(DEPEXT)
	@sed -e 's/.*://' -e 's/\\$$//' < $(BUILDDIR)/$*.$(DEPEXT).tmp | fmt -1 | sed -e 's/^ *//' -e 's/$$/:/' >> $(BUILDDIR)/$*.$(DEPEXT)
	@rm -f $(BUILDDIR)/$*.$(DEPEXT).tmp

# 1 implicit rules, 0 (0.0%) terminal.

# Files

all: resources
#  Phony target (prerequisite of .PHONY).
#  Command line target.
#  Implicit rule search has not been done.
#  File does not exist.
#  File has been updated.
#  Needs to be updated (-q is set).
# variable set hash-table stats:
# Load=0/32=0%, Rehash=0, Collisions=0/5=0%

.PHONY: all remake clean cleaner resources
#  Implicit rule search has not been done.
#  Modification time never checked.
#  File has not been updated.
#  recipe to execute (from 'Makefile', line 156):
	

resources: directories
#  Phony target (prerequisite of .PHONY).
#  Implicit rule search has not been done.
#  File does not exist.
#  File has been updated.
#  Needs to be updated (-q is set).
# variable set hash-table stats:
# Load=0/32=0%, Rehash=0, Collisions=0/5=0%

remake: cleaner all
#  Phony target (prerequisite of .PHONY).
#  Implicit rule search has not been done.
#  File does not exist.
#  File has not been updated.

# Not a target:
.SUFFIXES:
#  Implicit rule search has not been done.
#  Modification time never checked.
#  File has not been updated.

# Not a target:
Makefile:
#  Implicit rule search has been done.
#  Last modified 2022-06-09 10:24:48.177195297
#  File has been updated.
#  Successfully updated.

cleaner: clean
#  Phony target (prerequisite of .PHONY).
#  Implicit rule search has not been done.
#  File does not exist.
#  File has not been updated.
#  recipe to execute (from 'Makefile', line 52):
	@$(RM) -r $(TARGETDIR)

# Not a target:
.DEFAULT:
#  Implicit rule search has not been done.
#  Modification time never checked.
#  File has not been updated.

clean:
#  Phony target (prerequisite of .PHONY).
#  Implicit rule search has not been done.
#  File does not exist.
#  File has not been updated.
#  recipe to execute (from 'Makefile', line 48):
	@$(RM) -r $(BUILDDIR)

directories:
#  Implicit rule search has not been done.
#  Implicit/static pattern stem: ''
#  File does not exist.
#  File has been updated.
#  Needs to be updated (-q is set).
# automatic
# @ := directories
# automatic
# % := 
# automatic
# * := 
# automatic
# + := 
# automatic
# | := 
# automatic
# < := 
# automatic
# ^ := 
# automatic
# ? := 
# variable set hash-table stats:
# Load=8/32=25%, Rehash=0, Collisions=1/13=8%
#  recipe to execute (from 'Makefile', line 43):
	@mkdir -p $(TARGETDIR)
	@mkdir -p $(BUILDDIR)

# files hash-table stats:
# Load=10/1024=1%, Rehash=0, Collisions=0/35=0%
# VPATH Search Paths

# No 'vpath' search paths.

# No general ('VPATH' variable) search path.

# strcache buffers: 1 (0) / strings = 19 / storage = 160 B / avg = 8 B
# current buf: size = 8162 B / used = 160 B / count = 19 / avg = 8 B

# strcache performance: lookups = 43 / hit rate = 55%
# hash-table stats:
# Load=19/8192=0%, Rehash=0, Collisions=1/43=2%
# Finished Make data base on Thu Jun  9 10:25:12 2022

 
