make all --print-data-base --no-builtin-variables --no-builtin-rules --question
# GNU Make 4.2.1
# Built for x86_64-pc-linux-gnu
# Copyright (C) 1988-2016 Free Software Foundation, Inc.
# License GPLv3+: GNU GPL version 3 or later <http://gnu.org/licenses/gpl.html>
# This is free software: you are free to change and redistribute it.
# There is NO WARRANTY, to the extent permitted by law.

# Make data base, printed on Wed Jun  8 10:19:43 2022

# Variables

# 'override' directive
GNUMAKEFLAGS := 
# automatic
<D = $(patsubst %/,%,$(dir $<))
# automatic
?F = $(notdir $?)
# environment
DESKTOP_SESSION = ubuntu
# default
.SHELLFLAGS := -c
# makefile (from 'Makefile', line 11)
INCDIR := inc
# environment
XDG_SESSION_CLASS = user
# environment
XDG_SESSION_TYPE = x11
# environment
VSCODE_LOG_NATIVE = false
# makefile (from 'Makefile', line 7)
TARGET := 
# automatic
?D = $(patsubst %/,%,$(dir $?))
# environment
IM_CONFIG_PHASE = 1
# automatic
@D = $(patsubst %/,%,$(dir $@))
# environment
XAUTHORITY = /run/user/1000/gdm/Xauthority
# environment
GDMSESSION = ubuntu
# environment
XMODIFIERS = @im=ibus
# makefile
CURDIR := /home/magmar68/Documents/Unimi/Metodi_comp/assignment_cuda/opt_pricer_lib
# makefile
SHELL = /bin/sh
# environment
VSCODE_NLS_CONFIG = {"locale":"en-us","availableLanguages":{},"_languagePackSupport":true}
# environment
_ = /usr/share/code/code
# environment
JOURNAL_STREAM = 8:56588
# environment
XDG_CONFIG_DIRS = /etc/xdg/xdg-ubuntu:/etc/xdg
# makefile (from 'obj/support_lib/lib.d', line 1)
MAKEFILE_LIST :=  Makefile obj/tests/test_makefile.d obj/tests/test_stoch.d obj/tests/test_myRandom.d obj/payOff/pathGenerator.d obj/payOff/option_prices.d obj/payOff/schedule/schedule.d obj/myRandom/myRandom.d obj/myRandom/myRandom_gnr/combined.d obj/myRandom/myRandom_gnr/linCongruential.d obj/myRandom/myRandom_gnr/tausworth.d obj/stoch_proc/stoch_imp/stoch_euler.d obj/stoch_proc/stoch_imp/stoch_exact.d obj/stoch_proc/stoch.d obj/support_lib/myudouble.d obj/support_lib/lib.d
# automatic
@F = $(notdir $@)
# environment
GIO_LAUNCHED_DESKTOP_FILE = /usr/share/applications/code.desktop
# environment
USERNAME = magmar68
# makefile (from 'Makefile', line 27)
SOURCES := src/tests/test_makefile.cu src/tests/test_stoch.cu src/tests/test_myRandom.cu src/payOff/pathGenerator.cu src/payOff/option_prices.cu src/payOff/schedule/schedule.cu src/myRandom/myRandom.cu src/myRandom/myRandom_gnr/combined.cu src/myRandom/myRandom_gnr/linCongruential.cu src/myRandom/myRandom_gnr/tausworth.cu src/stoch_proc/stoch_imp/stoch_euler.cu src/stoch_proc/stoch_imp/stoch_exact.cu src/stoch_proc/stoch.cu src/support_lib/myudouble.cu src/support_lib/lib.cu
# environment
MAKELEVEL := 0
# environment
MANDATORY_PATH = /usr/share/gconf/ubuntu.mandatory.path
# environment
XDG_DATA_DIRS = /usr/share/ubuntu:/usr/local/share/:/usr/share/:/var/lib/snapd/desktop
# environment
DBUS_SESSION_BUS_ADDRESS = unix:path=/run/user/1000/bus
# environment
VSCODE_VERBOSE_LOGGING = true
# makefile (from 'Makefile', line 12)
BUILDDIR := obj
# environment
MANAGERPID = 1626
# environment
LESSOPEN = | /usr/bin/lesspipe %s
# environment
LC_NAME = it_IT.UTF-8
# environment
VSCODE_CWD = /home/magmar68
# default
MAKE_HOST := x86_64-pc-linux-gnu
# environment
PATH = /home/magmar68/.local/bin:/home/magmar68/bin:/home/magmar68/.local/bin:/home/magmar68/bin:/usr/local/sbin:/usr/local/bin:/usr/sbin:/usr/bin:/sbin:/bin:/usr/games:/usr/local/games:/snap/bin:/home/magmar68/Documents/executable/julia-1.6.3/bin
# environment
GPG_AGENT_INFO = /run/user/1000/gnupg/S.gpg-agent:0:1
# environment
GJS_DEBUG_OUTPUT = stderr
# environment
SESSION_MANAGER = local/magmar68:@/tmp/.ICE-unix/1884,unix/magmar68:/tmp/.ICE-unix/1884
# environment
XDG_RUNTIME_DIR = /run/user/1000
# makefile (from 'Makefile', line 16)
OBJEXT := o
# makefile (from 'Makefile', line 20)
CCFLAGS := -rdc=true --gpu-architecture=sm_50
# environment
XDG_MENU_PREFIX = gnome-
# environment
VSCODE_LOG_STACK = false
# environment
ELECTRON_RUN_AS_NODE = 1
# environment
INVOCATION_ID = 241c29d6118c4eb78c2ad3b94768aed2
# makefile (from 'Makefile', line 19)
LDFLAGS = --gpu-architecture=sm_50
# default
.FEATURES := target-specific order-only second-expansion else-if shortest-stem undefine oneshell archives jobserver output-sync check-symlink load
# environment
LS_COLORS = 
# environment
XDG_SESSION_DESKTOP = ubuntu
# environment
SSH_AUTH_SOCK = /run/user/1000/keyring/ssh
# environment
GIO_LAUNCHED_DESKTOP_FILE_PID = 13613
# automatic
%F = $(notdir $%)
# environment
DISPLAY = :0
# makefile (from 'Makefile', line 10)
SRCDIR := src
# makefile (from 'Makefile', line 15)
DEPEXT := d
# environment
VSCODE_PIPE_LOGGING = true
# environment
PWD = /home/magmar68/Documents/Unimi/Metodi_comp/assignment_cuda/opt_pricer_lib
# default
.LOADED := 
# environment
SSH_AGENT_PID = 1818
# environment
ORIGINAL_XDG_CURRENT_DESKTOP = ubuntu:GNOME
# makefile (from 'Makefile', line 29)
FILTER_OBJ :=    obj/payOff/pathGenerator.o obj/payOff/option_prices.o obj/payOff/schedule/schedule.o obj/myRandom/myRandom.o obj/myRandom/myRandom_gnr/combined.o obj/myRandom/myRandom_gnr/linCongruential.o obj/myRandom/myRandom_gnr/tausworth.o obj/stoch_proc/stoch_imp/stoch_euler.o obj/stoch_proc/stoch_imp/stoch_exact.o obj/stoch_proc/stoch.o obj/support_lib/myudouble.o obj/support_lib/lib.o
# environment
GTK_MODULES = gail:atk-bridge
# environment
VSCODE_AMD_ENTRYPOINT = vs/workbench/api/node/extensionHostProcess
# environment
HOME = /home/magmar68
# environment
LESSCLOSE = /usr/bin/lesspipe %s %s
# environment
VSCODE_CODE_CACHE_PATH = /home/magmar68/.config/Code/CachedData/c3511e6c69bb39013c4a4b7b9566ec1ca73fc4d5
# environment
LOGNAME = magmar68
# environment
APPLICATION_INSIGHTS_NO_DIAGNOSTIC_CHANNEL = 1
# automatic
+F = $(notdir $+)
# environment
VSCODE_HANDLES_UNCAUGHT_ERRORS = true
# environment
GNOME_DESKTOP_SESSION_ID = this-is-deprecated
# automatic
^D = $(patsubst %/,%,$(dir $^))
# makefile (from 'Makefile', line 8)
TEST := test_stoch test_makefile test_myRandom
# environment
LC_TIME = it_IT.UTF-8
# default
MAKE = $(MAKE_COMMAND)
# default
MAKECMDGOALS := all
# environment
QT_IM_MODULE = ibus
# environment
SHLVL = 0
# makefile (from 'Makefile', line 4)
CC := nvcc
# environment
GNOME_SHELL_SESSION_MODE = ubuntu
# environment
VSCODE_IPC_HOOK_EXTHOST = /run/user/1000/vscode-ipc-3d0b3812-1e5c-4505-87cd-92deec4b2a73.sock
# default
MAKE_VERSION := 4.2.1
# environment
USER = magmar68
# environment
LC_MONETARY = it_IT.UTF-8
# makefile
.DEFAULT_GOAL := all
# environment
XDG_CURRENT_DESKTOP = Unity
# makefile (from 'Makefile', line 13)
TARGETDIR := bin
# automatic
%D = $(patsubst %/,%,$(dir $%))
# environment
LC_TELEPHONE = it_IT.UTF-8
# makefile (from 'Makefile', line 2)
FILTER_IN = $(foreach v,$(2),$(if $(findstring $(1),$(v)),$(v),))
# default
MAKE_COMMAND := make
# default
.VARIABLES := 
# automatic
*F = $(notdir $*)
# environment
VSCODE_IPC_HOOK = /run/user/1000/vscode-53ec6e89-1.67.2-main.sock
# makefile
MAKEFLAGS = pqrR
# environment
MFLAGS = -pqrR
# automatic
*D = $(patsubst %/,%,$(dir $*))
# automatic
+D = $(patsubst %/,%,$(dir $+))
# environment
GDK_BACKEND = x11
# environment
LC_PAPER = it_IT.UTF-8
# makefile (from 'Makefile', line 14)
SRCEXT := cu
# environment
QT_ACCESSIBILITY = 1
# environment
DEFAULTS_PATH = /usr/share/gconf/ubuntu.default.path
# 'override' directive
.SHELLSTATUS := 0
# default
MAKEFILES := 
# environment
LC_NUMERIC = it_IT.UTF-8
# automatic
<F = $(notdir $<)
# environment
LC_MEASUREMENT = it_IT.UTF-8
# environment
LC_ALL = C
# environment
GJS_DEBUG_TOPICS = JS ERROR;JS LOG
# automatic
^F = $(notdir $^)
# default
SUFFIXES := 
# environment
CHROME_DESKTOP = code-url-handler.desktop
# environment
WINDOWPATH = 2
# default
.INCLUDE_DIRS = /usr/include /usr/local/include /usr/include
# environment
LC_IDENTIFICATION = it_IT.UTF-8
# default
.RECIPEPREFIX := 
# makefile (from 'Makefile', line 28)
OBJECTS := obj/tests/test_makefile.o obj/tests/test_stoch.o obj/tests/test_myRandom.o obj/payOff/pathGenerator.o obj/payOff/option_prices.o obj/payOff/schedule/schedule.o obj/myRandom/myRandom.o obj/myRandom/myRandom_gnr/combined.o obj/myRandom/myRandom_gnr/linCongruential.o obj/myRandom/myRandom_gnr/tausworth.o obj/stoch_proc/stoch_imp/stoch_euler.o obj/stoch_proc/stoch_imp/stoch_exact.o obj/stoch_proc/stoch.o obj/support_lib/myudouble.o obj/support_lib/lib.o
# environment
LC_ADDRESS = it_IT.UTF-8
# makefile (from 'Makefile', line 1)
FILTER_OUT = $(foreach v,$(2),$(if $(findstring $(1),$(v)),,$(v)))
# environment
LANG = C
# environment
VSCODE_PID = 13613
# variable set hash-table stats:
# Load=126/1024=12%, Rehash=0, Collisions=27/210=13%

# Pattern-specific Variable Values

# No pattern-specific variable values.

# Directories

# . (device 66311, inode 13530594): 9 files, no impossibilities.
# ./src/tests (device 66311, inode 13637500): 5 files, no impossibilities.
# src (device 66311, inode 13635333): No files, no impossibilities so far.

# 14 files, no impossibilities in 3 directories.

# Implicit Rules

obj/%.o: src/%.cu
#  recipe to execute (from 'Makefile', line 68):
	@mkdir -p $(dir $@)
	$(CC) $(CCFLAGS) -c -o $@ $<
	@$(CC) $(CCFLAGS) -MM $(SRCDIR)/$*.$(SRCEXT) > $(BUILDDIR)/$*.$(DEPEXT)
	@cp -f $(BUILDDIR)/$*.$(DEPEXT) $(BUILDDIR)/$*.$(DEPEXT).tmp
	@sed -e 's|.*:|$(BUILDDIR)/$*.$(OBJEXT):|' < $(BUILDDIR)/$*.$(DEPEXT).tmp > $(BUILDDIR)/$*.$(DEPEXT)
	@sed -e 's/.*://' -e 's/\\$$//' < $(BUILDDIR)/$*.$(DEPEXT).tmp | fmt -1 | sed -e 's/^ *//' -e 's/$$/:/' >> $(BUILDDIR)/$*.$(DEPEXT)
	@rm -f $(BUILDDIR)/$*.$(DEPEXT).tmp

 
# 1 implicit rules, 0 (0.0%) terminal.

# Files

src/myRandom/myRandom_gnr/../myRandom.cuh:
#  Implicit rule search has not been done.
#  Modification time never checked.
#  File has not been updated.

/usr/include/c++/8/bits/stl_construct.h:
#  Implicit rule search has not been done.
#  Modification time never checked.
#  File has not been updated.

src/stoch_proc/stoch_imp/stoch_exact.cu:
#  Implicit rule search has not been done.
#  Modification time never checked.
#  File has not been updated.

# Not a target:
obj/payOff/schedule/schedule.d:
#  Implicit rule search has been done.
#  Last modified 2022-06-06 19:11:59.399625932
#  File has been updated.
#  Successfully updated.

/usr/include/c++/8/bits/codecvt.h:
#  Implicit rule search has not been done.
#  Modification time never checked.
#  File has not been updated.

/usr/include/c++/8/bits/predefined_ops.h:
#  Implicit rule search has not been done.
#  Modification time never checked.
#  File has not been updated.

/usr/include/c++/8/bits/streambuf.tcc:
#  Implicit rule search has not been done.
#  Modification time never checked.
#  File has not been updated.

/usr/include/c++/8/cctype:
#  Implicit rule search has not been done.
#  Modification time never checked.
#  File has not been updated.

/usr/include/c++/8/cerrno:
#  Implicit rule search has not been done.
#  Modification time never checked.
#  File has not been updated.

/usr/include/c++/8/utility:
#  Implicit rule search has not been done.
#  Modification time never checked.
#  File has not been updated.

/usr/include/c++/8/bits/stl_relops.h:
#  Implicit rule search has not been done.
#  Modification time never checked.
#  File has not been updated.

/usr/include/c++/8/bits/algorithmfwd.h:
#  Implicit rule search has not been done.
#  Modification time never checked.
#  File has not been updated.

/usr/include/c++/8/bits/basic_string.tcc:
#  Implicit rule search has not been done.
#  Modification time never checked.
#  File has not been updated.

/usr/include/c++/8/bits/move.h:
#  Implicit rule search has not been done.
#  Modification time never checked.
#  File has not been updated.

# Not a target:
obj/myRandom/myRandom_gnr/combined.d:
#  Implicit rule search has been done.
#  Last modified 2022-06-06 19:12:01.671681524
#  File has been updated.
#  Successfully updated.

src/myRandom/myRandom_gnr/linCongruential.cu:
#  Implicit rule search has not been done.
#  Modification time never checked.
#  File has not been updated.

/usr/include/c++/8/bits/allocator.h:
#  Implicit rule search has not been done.
#  Modification time never checked.
#  File has not been updated.

/usr/include/c++/8/istream:
#  Implicit rule search has not been done.
#  Modification time never checked.
#  File has not been updated.

src/payOff/option_prices.cu:
#  Implicit rule search has not been done.
#  Modification time never checked.
#  File has not been updated.

src/payOff/../myRandom/myRandom.cuh:
#  Implicit rule search has not been done.
#  Modification time never checked.
#  File has not been updated.

/usr/include/c++/8/bits/postypes.h:
#  Implicit rule search has not been done.
#  Modification time never checked.
#  File has not been updated.

# Not a target:
obj/support_lib/lib.d:
#  Implicit rule search has been done.
#  Last modified 2022-06-06 19:12:21.904201878
#  File has been updated.
#  Successfully updated.

/usr/include/c++/8/ext/new_allocator.h:
#  Implicit rule search has not been done.
#  Modification time never checked.
#  File has not been updated.

/usr/include/c++/8/ext/numeric_traits.h:
#  Implicit rule search has not been done.
#  Modification time never checked.
#  File has not been updated.

/usr/include/c++/8/string:
#  Implicit rule search has not been done.
#  Modification time never checked.
#  File has not been updated.

all: resources test_stoch test_makefile test_myRandom
#  Phony target (prerequisite of .PHONY).
#  Command line target.
#  Implicit rule search has not been done.
#  File does not exist.
#  File has been updated.
#  Needs to be updated (-q is set).
# variable set hash-table stats:
# Load=0/32=0%, Rehash=0, Collisions=0/5=0%

/usr/include/c++/8/ios:
#  Implicit rule search has not been done.
#  Modification time never checked.
#  File has not been updated.

/usr/include/c++/8/iostream:
#  Implicit rule search has not been done.
#  Modification time never checked.
#  File has not been updated.

/usr/include/c++/8/debug/debug.h:
#  Implicit rule search has not been done.
#  Modification time never checked.
#  File has not been updated.

src/tests/../support_lib/lib.cuh:
#  Implicit rule search has not been done.
#  Modification time never checked.
#  File has not been updated.

src/support_lib/myudouble.cu:
#  Implicit rule search has not been done.
#  Modification time never checked.
#  File has not been updated.

.PHONY: all remake clean cleaner resources
#  Implicit rule search has not been done.
#  Modification time never checked.
#  File has not been updated.
#  recipe to execute (from 'Makefile', line 154):
	

/usr/include/c++/8/bits/alloc_traits.h:
#  Implicit rule search has not been done.
#  Modification time never checked.
#  File has not been updated.

/usr/include/c++/8/bits/stl_iterator_base_funcs.h:
#  Implicit rule search has not been done.
#  Modification time never checked.
#  File has not been updated.

src/support_lib/lib.cu:
#  Implicit rule search has not been done.
#  Modification time never checked.
#  File has not been updated.

/usr/include/c++/8/ext/string_conversions.h:
#  Implicit rule search has not been done.
#  Modification time never checked.
#  File has not been updated.

src/stoch_proc/stoch_imp/stoch_euler.cu:
#  Implicit rule search has not been done.
#  Modification time never checked.
#  File has not been updated.

/usr/include/c++/8/bits/stl_tempbuf.h:
#  Implicit rule search has not been done.
#  Modification time never checked.
#  File has not been updated.

resources: directories
#  Phony target (prerequisite of .PHONY).
#  Implicit rule search has not been done.
#  File does not exist.
#  File has been updated.
#  Needs to be updated (-q is set).
# variable set hash-table stats:
# Load=0/32=0%, Rehash=0, Collisions=0/5=0%

/usr/include/c++/8/bits/basic_string.h:
#  Implicit rule search has not been done.
#  Modification time never checked.
#  File has not been updated.

test_myRandom: obj/tests/test_makefile.o obj/tests/test_stoch.o obj/tests/test_myRandom.o obj/payOff/pathGenerator.o obj/payOff/option_prices.o obj/payOff/schedule/schedule.o obj/myRandom/myRandom.o obj/myRandom/myRandom_gnr/combined.o obj/myRandom/myRandom_gnr/linCongruential.o obj/myRandom/myRandom_gnr/tausworth.o obj/stoch_proc/stoch_imp/stoch_euler.o obj/stoch_proc/stoch_imp/stoch_exact.o obj/stoch_proc/stoch.o obj/support_lib/myudouble.o obj/support_lib/lib.o
#  Implicit rule search has not been done.
#  Modification time never checked.
#  File has not been updated.
#  recipe to execute (from 'Makefile', line 62):
	@printf "\n"
	$(CC) $(LDFLAGS) -o $(TARGETDIR)/$@ $(FILTER_OBJ) $(call FILTER_IN,$(basename $@),$(OBJECTS))\
	&& ./$(TARGETDIR)/$@

src/support_lib/./lib.cuh:
#  Implicit rule search has not been done.
#  Modification time never checked.
#  File has not been updated.

/usr/include/c++/8/bits/functional_hash.h:
#  Implicit rule search has not been done.
#  Modification time never checked.
#  File has not been updated.

src/payOff/../stoch_proc/stoch.cuh:
#  Implicit rule search has not been done.
#  Modification time never checked.
#  File has not been updated.

obj/tests/test_myRandom.o: src/tests/test_myRandom.cu /usr/include/x86_64-linux-gnu/c++/8/bits/c++config.h /usr/include/x86_64-linux-gnu/c++/8/bits/os_defines.h /usr/include/x86_64-linux-gnu/c++/8/bits/cpu_defines.h /usr/include/c++/8/exception /usr/include/c++/8/bits/exception.h /usr/include/c++/8/bits/exception_ptr.h /usr/include/c++/8/bits/exception_defines.h /usr/include/c++/8/bits/cxxabi_init_exception.h /usr/include/c++/8/typeinfo /usr/include/c++/8/bits/hash_bytes.h /usr/include/c++/8/new /usr/include/c++/8/bits/nested_exception.h /usr/include/c++/8/bits/move.h /usr/include/c++/8/bits/concept_check.h /usr/include/c++/8/type_traits /usr/include/c++/8/bits/std_abs.h /usr/include/c++/8/bits/cpp_type_traits.h /usr/include/c++/8/ext/type_traits.h src/tests/../myRandom/myRandom.cuh /usr/include/c++/8/iostream /usr/include/c++/8/ostream /usr/include/c++/8/ios /usr/include/c++/8/iosfwd /usr/include/c++/8/bits/stringfwd.h /usr/include/c++/8/bits/memoryfwd.h /usr/include/c++/8/bits/postypes.h /usr/include/c++/8/cwchar /usr/include/c++/8/bits/char_traits.h /usr/include/c++/8/bits/stl_algobase.h /usr/include/c++/8/bits/functexcept.h /usr/include/c++/8/ext/numeric_traits.h /usr/include/c++/8/bits/stl_pair.h /usr/include/c++/8/bits/stl_iterator_base_types.h /usr/include/c++/8/bits/stl_iterator_base_funcs.h /usr/include/c++/8/debug/assertions.h /usr/include/c++/8/bits/stl_iterator.h /usr/include/c++/8/bits/ptr_traits.h /usr/include/c++/8/debug/debug.h /usr/include/c++/8/bits/predefined_ops.h /usr/include/c++/8/cstdint /usr/include/c++/8/bits/localefwd.h /usr/include/x86_64-linux-gnu/c++/8/bits/c++locale.h /usr/include/c++/8/clocale /usr/include/c++/8/cctype /usr/include/c++/8/bits/ios_base.h /usr/include/c++/8/ext/atomicity.h /usr/include/x86_64-linux-gnu/c++/8/bits/gthr.h /usr/include/x86_64-linux-gnu/c++/8/bits/gthr-default.h /usr/include/x86_64-linux-gnu/c++/8/bits/atomic_word.h /usr/include/c++/8/bits/locale_classes.h /usr/include/c++/8/string /usr/include/c++/8/bits/allocator.h /usr/include/x86_64-linux-gnu/c++/8/bits/c++allocator.h /usr/include/c++/8/ext/new_allocator.h /usr/include/c++/8/bits/ostream_insert.h /usr/include/c++/8/bits/cxxabi_forced.h /usr/include/c++/8/bits/stl_function.h /usr/include/c++/8/backward/binders.h /usr/include/c++/8/bits/range_access.h /usr/include/c++/8/initializer_list /usr/include/c++/8/bits/basic_string.h /usr/include/c++/8/ext/alloc_traits.h /usr/include/c++/8/bits/alloc_traits.h /usr/include/c++/8/ext/string_conversions.h /usr/include/c++/8/cstdlib /usr/include/c++/8/cstdio /usr/include/c++/8/cerrno /usr/include/c++/8/bits/functional_hash.h /usr/include/c++/8/bits/basic_string.tcc /usr/include/c++/8/bits/locale_classes.tcc /usr/include/c++/8/system_error /usr/include/x86_64-linux-gnu/c++/8/bits/error_constants.h /usr/include/c++/8/stdexcept /usr/include/c++/8/streambuf /usr/include/c++/8/bits/streambuf.tcc /usr/include/c++/8/bits/basic_ios.h /usr/include/c++/8/bits/locale_facets.h /usr/include/c++/8/cwctype /usr/include/x86_64-linux-gnu/c++/8/bits/ctype_base.h /usr/include/c++/8/bits/streambuf_iterator.h /usr/include/x86_64-linux-gnu/c++/8/bits/ctype_inline.h /usr/include/c++/8/bits/locale_facets.tcc /usr/include/c++/8/bits/basic_ios.tcc /usr/include/c++/8/bits/ostream.tcc /usr/include/c++/8/istream /usr/include/c++/8/bits/istream.tcc /usr/include/c++/8/math.h /usr/include/c++/8/climits
#  Implicit rule search has not been done.
#  Modification time never checked.
#  File has not been updated.

/usr/include/c++/8/bits/istream.tcc:
#  Implicit rule search has not been done.
#  Modification time never checked.
#  File has not been updated.

/usr/include/x86_64-linux-gnu/c++/8/bits/ctype_base.h:
#  Implicit rule search has not been done.
#  Modification time never checked.
#  File has not been updated.

# Not a target:
obj/tests/test_stoch.d:
#  Implicit rule search has been done.
#  Last modified 2022-06-06 19:11:55.023518861
#  File has been updated.
#  Successfully updated.

# Not a target:
obj/stoch_proc/stoch.d:
#  Implicit rule search has been done.
#  Last modified 2022-06-06 19:12:05.335771175
#  File has been updated.
#  Successfully updated.

/usr/include/x86_64-linux-gnu/c++/8/bits/c++allocator.h:
 
#  Implicit rule search has not been done.
#  Modification time never checked.
#  File has not been updated.

/usr/include/c++/8/streambuf:
#  Implicit rule search has not been done.
#  Modification time never checked.
#  File has not been updated.

remake: cleaner all
#  Phony target (prerequisite of .PHONY).
#  Implicit rule search has not been done.
#  File does not exist.
#  File has not been updated.

/usr/include/c++/8/cstdint:
#  Implicit rule search has not been done.
#  Modification time never checked.
#  File has not been updated.

/usr/include/x86_64-linux-gnu/c++/8/bits/ctype_inline.h:
#  Implicit rule search has not been done.
#  Modification time never checked.
#  File has not been updated.

/usr/include/c++/8/system_error:
#  Implicit rule search has not been done.
#  Modification time never checked.
#  File has not been updated.

src/tests/../stoch_proc/stoch_imp/stoch_euler.cuh:
#  Implicit rule search has not been done.
#  Modification time never checked.
#  File has not been updated.

obj/myRandom/myRandom.o: src/myRandom/myRandom.cu /usr/include/x86_64-linux-gnu/c++/8/bits/c++config.h /usr/include/x86_64-linux-gnu/c++/8/bits/os_defines.h /usr/include/x86_64-linux-gnu/c++/8/bits/cpu_defines.h /usr/include/c++/8/exception /usr/include/c++/8/bits/exception.h /usr/include/c++/8/bits/exception_ptr.h /usr/include/c++/8/bits/exception_defines.h /usr/include/c++/8/bits/cxxabi_init_exception.h /usr/include/c++/8/typeinfo /usr/include/c++/8/bits/hash_bytes.h /usr/include/c++/8/new /usr/include/c++/8/bits/nested_exception.h /usr/include/c++/8/bits/move.h /usr/include/c++/8/bits/concept_check.h /usr/include/c++/8/type_traits /usr/include/c++/8/bits/std_abs.h /usr/include/c++/8/bits/cpp_type_traits.h /usr/include/c++/8/ext/type_traits.h src/myRandom/myRandom.cuh /usr/include/c++/8/iostream /usr/include/c++/8/ostream /usr/include/c++/8/ios /usr/include/c++/8/iosfwd /usr/include/c++/8/bits/stringfwd.h /usr/include/c++/8/bits/memoryfwd.h /usr/include/c++/8/bits/postypes.h /usr/include/c++/8/cwchar /usr/include/c++/8/bits/char_traits.h /usr/include/c++/8/bits/stl_algobase.h /usr/include/c++/8/bits/functexcept.h /usr/include/c++/8/ext/numeric_traits.h /usr/include/c++/8/bits/stl_pair.h /usr/include/c++/8/bits/stl_iterator_base_types.h /usr/include/c++/8/bits/stl_iterator_base_funcs.h /usr/include/c++/8/debug/assertions.h /usr/include/c++/8/bits/stl_iterator.h /usr/include/c++/8/bits/ptr_traits.h /usr/include/c++/8/debug/debug.h /usr/include/c++/8/bits/predefined_ops.h /usr/include/c++/8/cstdint /usr/include/c++/8/bits/localefwd.h /usr/include/x86_64-linux-gnu/c++/8/bits/c++locale.h /usr/include/c++/8/clocale /usr/include/c++/8/cctype /usr/include/c++/8/bits/ios_base.h /usr/include/c++/8/ext/atomicity.h /usr/include/x86_64-linux-gnu/c++/8/bits/gthr.h /usr/include/x86_64-linux-gnu/c++/8/bits/gthr-default.h /usr/include/x86_64-linux-gnu/c++/8/bits/atomic_word.h /usr/include/c++/8/bits/locale_classes.h /usr/include/c++/8/string /usr/include/c++/8/bits/allocator.h /usr/include/x86_64-linux-gnu/c++/8/bits/c++allocator.h /usr/include/c++/8/ext/new_allocator.h /usr/include/c++/8/bits/ostream_insert.h /usr/include/c++/8/bits/cxxabi_forced.h /usr/include/c++/8/bits/stl_function.h /usr/include/c++/8/backward/binders.h /usr/include/c++/8/bits/range_access.h /usr/include/c++/8/initializer_list /usr/include/c++/8/bits/basic_string.h /usr/include/c++/8/ext/alloc_traits.h /usr/include/c++/8/bits/alloc_traits.h /usr/include/c++/8/ext/string_conversions.h /usr/include/c++/8/cstdlib /usr/include/c++/8/cstdio /usr/include/c++/8/cerrno /usr/include/c++/8/bits/functional_hash.h /usr/include/c++/8/bits/basic_string.tcc /usr/include/c++/8/bits/locale_classes.tcc /usr/include/c++/8/system_error /usr/include/x86_64-linux-gnu/c++/8/bits/error_constants.h /usr/include/c++/8/stdexcept /usr/include/c++/8/streambuf /usr/include/c++/8/bits/streambuf.tcc /usr/include/c++/8/bits/basic_ios.h /usr/include/c++/8/bits/locale_facets.h /usr/include/c++/8/cwctype /usr/include/x86_64-linux-gnu/c++/8/bits/ctype_base.h /usr/include/c++/8/bits/streambuf_iterator.h /usr/include/x86_64-linux-gnu/c++/8/bits/ctype_inline.h /usr/include/c++/8/bits/locale_facets.tcc /usr/include/c++/8/bits/basic_ios.tcc /usr/include/c++/8/bits/ostream.tcc /usr/include/c++/8/istream /usr/include/c++/8/bits/istream.tcc /usr/include/c++/8/math.h /usr/include/c++/8/climits
#  Implicit rule search has not been done.
#  Modification time never checked.
#  File has not been updated.

/usr/include/c++/8/bits/ios_base.h:
#  Implicit rule search has not been done.
#  Modification time never checked.
#  File has not been updated.

/usr/include/c++/8/bits/functexcept.h:
#  Implicit rule search has not been done.
#  Modification time never checked.
#  File has not been updated.

# Not a target:
.SUFFIXES:
#  Implicit rule search has not been done.
#  Modification time never checked.
#  File has not been updated.

src/stoch_proc/stoch.cuh:
#  Implicit rule search has not been done.
#  Modification time never checked.
#  File has not been updated.

/usr/include/c++/8/bits/stl_iterator_base_types.h:
#  Implicit rule search has not been done.
#  Modification time never checked.
#  File has not been updated.

/usr/include/c++/8/bits/std_abs.h:
#  Implicit rule search has not been done.
#  Modification time never checked.
#  File has not been updated.

# Not a target:
Makefile:
#  Implicit rule search has been done.
#  Last modified 2022-06-06 19:15:57.974523889
#  File has been updated.
#  Successfully updated.

/usr/include/c++/8/bits/locale_classes.tcc:
#  Implicit rule search has not been done.
#  Modification time never checked.
#  File has not been updated.

# Not a target:
obj/tests/test_makefile.d:
#  Implicit rule search has been done.
#  Last modified 2022-06-06 19:11:53.775488325
#  File has been updated.
#  Successfully updated.

/usr/include/c++/8/bits/nested_exception.h:
#  Implicit rule search has not been done.
#  Modification time never checked.
#  File has not been updated.

src/payOff/pathGenerator.cuh:
#  Implicit rule search has not been done.
#  Modification time never checked.
#  File has not been updated.

obj/payOff/schedule/schedule.o: src/payOff/schedule/schedule.cu /usr/include/x86_64-linux-gnu/c++/8/bits/c++config.h /usr/include/x86_64-linux-gnu/c++/8/bits/os_defines.h /usr/include/x86_64-linux-gnu/c++/8/bits/cpu_defines.h /usr/include/c++/8/exception /usr/include/c++/8/bits/exception.h /usr/include/c++/8/bits/exception_ptr.h /usr/include/c++/8/bits/exception_defines.h /usr/include/c++/8/bits/cxxabi_init_exception.h /usr/include/c++/8/typeinfo /usr/include/c++/8/bits/hash_bytes.h /usr/include/c++/8/new /usr/include/c++/8/bits/nested_exception.h /usr/include/c++/8/bits/move.h /usr/include/c++/8/bits/concept_check.h /usr/include/c++/8/type_traits /usr/include/c++/8/bits/std_abs.h /usr/include/c++/8/bits/cpp_type_traits.h /usr/include/c++/8/ext/type_traits.h src/payOff/schedule/schedule.cuh /usr/include/c++/8/iostream /usr/include/c++/8/ostream /usr/include/c++/8/ios /usr/include/c++/8/iosfwd /usr/include/c++/8/bits/stringfwd.h /usr/include/c++/8/bits/memoryfwd.h /usr/include/c++/8/bits/postypes.h /usr/include/c++/8/cwchar /usr/include/c++/8/bits/char_traits.h /usr/include/c++/8/bits/stl_algobase.h /usr/include/c++/8/bits/functexcept.h /usr/include/c++/8/ext/numeric_traits.h /usr/include/c++/8/bits/stl_pair.h /usr/include/c++/8/bits/stl_iterator_base_types.h /usr/include/c++/8/bits/stl_iterator_base_funcs.h /usr/include/c++/8/debug/assertions.h /usr/include/c++/8/bits/stl_iterator.h /usr/include/c++/8/bits/ptr_traits.h /usr/include/c++/8/debug/debug.h /usr/include/c++/8/bits/predefined_ops.h /usr/include/c++/8/cstdint /usr/include/c++/8/bits/localefwd.h /usr/include/x86_64-linux-gnu/c++/8/bits/c++locale.h /usr/include/c++/8/clocale /usr/include/c++/8/cctype /usr/include/c++/8/bits/ios_base.h /usr/include/c++/8/ext/atomicity.h /usr/include/x86_64-linux-gnu/c++/8/bits/gthr.h /usr/include/x86_64-linux-gnu/c++/8/bits/gthr-default.h /usr/include/x86_64-linux-gnu/c++/8/bits/atomic_word.h /usr/include/c++/8/bits/locale_classes.h /usr/include/c++/8/string /usr/include/c++/8/bits/allocator.h /usr/include/x86_64-linux-gnu/c++/8/bits/c++allocator.h /usr/include/c++/8/ext/new_allocator.h /usr/include/c++/8/bits/ostream_insert.h /usr/include/c++/8/bits/cxxabi_forced.h /usr/include/c++/8/bits/stl_function.h /usr/include/c++/8/backward/binders.h /usr/include/c++/8/bits/range_access.h /usr/include/c++/8/initializer_list /usr/include/c++/8/bits/basic_string.h /usr/include/c++/8/ext/alloc_traits.h /usr/include/c++/8/bits/alloc_traits.h /usr/include/c++/8/ext/string_conversions.h /usr/include/c++/8/cstdlib /usr/include/c++/8/cstdio /usr/include/c++/8/cerrno /usr/include/c++/8/bits/functional_hash.h /usr/include/c++/8/bits/basic_string.tcc /usr/include/c++/8/bits/locale_classes.tcc /usr/include/c++/8/system_error /usr/include/x86_64-linux-gnu/c++/8/bits/error_constants.h /usr/include/c++/8/stdexcept /usr/include/c++/8/streambuf /usr/include/c++/8/bits/streambuf.tcc /usr/include/c++/8/bits/basic_ios.h /usr/include/c++/8/bits/locale_facets.h /usr/include/c++/8/cwctype /usr/include/x86_64-linux-gnu/c++/8/bits/ctype_base.h /usr/include/c++/8/bits/streambuf_iterator.h /usr/include/x86_64-linux-gnu/c++/8/bits/ctype_inline.h /usr/include/c++/8/bits/locale_facets.tcc /usr/include/c++/8/bits/basic_ios.tcc /usr/include/c++/8/bits/ostream.tcc /usr/include/c++/8/istream /usr/include/c++/8/bits/istream.tcc /usr/include/c++/8/cassert
#  Implicit rule search has not been done.
#  Modification time never checked.
#  File has not been updated.

/usr/include/c++/8/type_traits:
#  Implicit rule search has not been done.
#  Modification time never checked.
#  File has not been updated.

src/payOff/option_prices.cuh:
#  Implicit rule search has not been done.
#  Modification time never checked.
#  File has not been updated.

/usr/include/c++/8/bits/hash_bytes.h:
#  Implicit rule search has not been done.
#  Modification time never checked.
#  File has not been updated.

# Not a target:
obj/payOff/pathGenerator.d:
#  Implicit rule search has been done.
#  Last modified 2022-06-06 19:11:57.391576801
#  File has been updated.
#  Successfully updated.

/usr/include/c++/8/exception:
#  Implicit rule search has not been done.
#  Modification time never checked.
#  File has not been updated.

src/tests/../stoch_proc/stoch_imp/../stoch.cuh:
#  Implicit rule search has not been done.
#  Modification time never checked.
#  File has not been updated.

src/stoch_proc/stoch_imp/../stoch.cuh:
#  Implicit rule search has not been done.
#  Modification time never checked.
#  File has not been updated.

/usr/include/c++/8/bits/stl_pair.h:
#  Implicit rule search has not been done.
#  Modification time never checked.
#  File has not been updated.

# Not a target:
obj/stoch_proc/stoch_imp/stoch_exact.d:
#  Implicit rule search has been done.
#  Last modified 2022-06-06 19:12:04.811758353
#  File has been updated.
#  Successfully updated.

obj/myRandom/myRandom_gnr/combined.o: src/myRandom/myRandom_gnr/combined.cu /usr/include/x86_64-linux-gnu/c++/8/bits/c++config.h /usr/include/x86_64-linux-gnu/c++/8/bits/os_defines.h /usr/include/x86_64-linux-gnu/c++/8/bits/cpu_defines.h /usr/include/c++/8/exception /usr/include/c++/8/bits/exception.h /usr/include/c++/8/bits/exception_ptr.h /usr/include/c++/8/bits/exception_defines.h /usr/include/c++/8/bits/cxxabi_init_exception.h /usr/include/c++/8/typeinfo /usr/include/c++/8/bits/hash_bytes.h /usr/include/c++/8/new /usr/include/c++/8/bits/nested_exception.h /usr/include/c++/8/bits/move.h /usr/include/c++/8/bits/concept_check.h /usr/include/c++/8/type_traits /usr/include/c++/8/bits/std_abs.h /usr/include/c++/8/bits/cpp_type_traits.h /usr/include/c++/8/ext/type_traits.h src/myRandom/myRandom_gnr/combined.cuh src/myRandom/myRandom_gnr/../myRandom.cuh /usr/include/c++/8/iostream /usr/include/c++/8/ostream /usr/include/c++/8/ios /usr/include/c++/8/iosfwd /usr/include/c++/8/bits/stringfwd.h /usr/include/c++/8/bits/memoryfwd.h /usr/include/c++/8/bits/postypes.h /usr/include/c++/8/cwchar /usr/include/c++/8/bits/char_traits.h /usr/include/c++/8/bits/stl_algobase.h /usr/include/c++/8/bits/functexcept.h /usr/include/c++/8/ext/numeric_traits.h /usr/include/c++/8/bits/stl_pair.h /usr/include/c++/8/bits/stl_iterator_base_types.h /usr/include/c++/8/bits/stl_iterator_base_funcs.h /usr/include/c++/8/debug/assertions.h /usr/include/c++/8/bits/stl_iterator.h /usr/include/c++/8/bits/ptr_traits.h /usr/include/c++/8/debug/debug.h /usr/include/c++/8/bits/predefined_ops.h /usr/include/c++/8/cstdint /usr/include/c++/8/bits/localefwd.h /usr/include/x86_64-linux-gnu/c++/8/bits/c++locale.h /usr/include/c++/8/clocale /usr/include/c++/8/cctype /usr/include/c++/8/bits/ios_base.h /usr/include/c++/8/ext/atomicity.h /usr/include/x86_64-linux-gnu/c++/8/bits/gthr.h /usr/include/x86_64-linux-gnu/c++/8/bits/gthr-default.h /usr/include/x86_64-linux-gnu/c++/8/bits/atomic_word.h /usr/include/c++/8/bits/locale_classes.h /usr/include/c++/8/string /usr/include/c++/8/bits/allocator.h /usr/include/x86_64-linux-gnu/c++/8/bits/c++allocator.h /usr/include/c++/8/ext/new_allocator.h /usr/include/c++/8/bits/ostream_insert.h /usr/include/c++/8/bits/cxxabi_forced.h /usr/include/c++/8/bits/stl_function.h /usr/include/c++/8/backward/binders.h /usr/include/c++/8/bits/range_access.h /usr/include/c++/8/initializer_list /usr/include/c++/8/bits/basic_string.h /usr/include/c++/8/ext/alloc_traits.h /usr/include/c++/8/bits/alloc_traits.h /usr/include/c++/8/ext/string_conversions.h /usr/include/c++/8/cstdlib /usr/include/c++/8/cstdio /usr/include/c++/8/cerrno /usr/include/c++/8/bits/functional_hash.h /usr/include/c++/8/bits/basic_string.tcc /usr/include/c++/8/bits/locale_classes.tcc /usr/include/c++/8/system_error /usr/include/x86_64-linux-gnu/c++/8/bits/error_constants.h /usr/include/c++/8/stdexcept /usr/include/c++/8/streambuf /usr/include/c++/8/bits/streambuf.tcc /usr/include/c++/8/bits/basic_ios.h /usr/include/c++/8/bits/locale_facets.h /usr/include/c++/8/cwctype /usr/include/x86_64-linux-gnu/c++/8/bits/ctype_base.h /usr/include/c++/8/bits/streambuf_iterator.h /usr/include/x86_64-linux-gnu/c++/8/bits/ctype_inline.h /usr/include/c++/8/bits/locale_facets.tcc /usr/include/c++/8/bits/basic_ios.tcc /usr/include/c++/8/bits/ostream.tcc /usr/include/c++/8/istream /usr/include/c++/8/bits/istream.tcc /usr/include/c++/8/math.h /usr/include/c++/8/climits src/myRandom/myRandom_gnr/tausworth.cuh src/myRandom/myRandom_gnr/linCongruential.cuh
#  Implicit rule search has not been done.
#  Modification time never checked.
#  File has not been updated.

src/support_lib/myudouble.cuh:
#  Implicit rule search has not been done.
#  Modification time never checked.
#  File has not been updated.

/usr/include/c++/8/bits/stringfwd.h:
#  Implicit rule search has not been done.
#  Modification time never checked.
#  File has not been updated.

src/stoch_proc/stoch_imp/stoch_euler.cuh:
#  Implicit rule search has not been done.
#  Modification time never checked.
#  File has not been updated.

/usr/include/c++/8/ext/type_traits.h:
#  Implicit rule search has not been done.
#  Modification time never checked.
#  File has not been updated.

/usr/include/c++/8/bits/locale_classes.h:
#  Implicit rule search has not been done.
#  Modification time never checked.
#  File has not been updated.

/usr/include/c++/8/algorithm:
#  Implicit rule search has not been done.
#  Modification time never checked.
#  File has not been updated.

src/myRandom/myRandom_gnr/tausworth.cu:
#  Implicit rule search has not been done.
#  Modification time never checked.
#  File has not been updated.

# Not a target:
obj/myRandom/myRandom_gnr/linCongruential.d:
#  Implicit rule search has been done.
#  Last modified 2022-06-06 19:12:02.699706677
#  File has been updated.
#  Successfully updated.

# Not a target:
obj/payOff/option_prices.d:
#  Implicit rule search has been done.
#  Last modified 2022-06-06 19:11:58.383601073
#  File has been updated.
#  Successfully updated.

obj/support_lib/lib.o: src/support_lib/lib.cu /usr/include/x86_64-linux-gnu/c++/8/bits/c++config.h /usr/include/x86_64-linux-gnu/c++/8/bits/os_defines.h /usr/include/x86_64-linux-gnu/c++/8/bits/cpu_defines.h /usr/include/c++/8/exception /usr/include/c++/8/bits/exception.h /usr/include/c++/8/bits/exception_ptr.h /usr/include/c++/8/bits/exception_defines.h /usr/include/c++/8/bits/cxxabi_init_exception.h /usr/include/c++/8/typeinfo /usr/include/c++/8/bits/hash_bytes.h /usr/include/c++/8/new /usr/include/c++/8/bits/nested_exception.h /usr/include/c++/8/bits/move.h /usr/include/c++/8/bits/concept_check.h /usr/include/c++/8/type_traits /usr/include/c++/8/bits/std_abs.h /usr/include/c++/8/bits/cpp_type_traits.h /usr/include/c++/8/ext/type_traits.h src/support_lib/./lib.cuh /usr/include/c++/8/math.h /usr/include/c++/8/algorithm /usr/include/c++/8/utility /usr/include/c++/8/bits/stl_relops.h /usr/include/c++/8/bits/stl_pair.h /usr/include/c++/8/initializer_list /usr/include/c++/8/bits/stl_algobase.h /usr/include/c++/8/bits/functexcept.h /usr/include/c++/8/ext/numeric_traits.h /usr/include/c++/8/bits/stl_iterator_base_types.h /usr/include/c++/8/bits/stl_iterator_base_funcs.h /usr/include/c++/8/debug/assertions.h /usr/include/c++/8/bits/stl_iterator.h /usr/include/c++/8/bits/ptr_traits.h /usr/include/c++/8/debug/debug.h /usr/include/c++/8/bits/predefined_ops.h /usr/include/c++/8/bits/stl_algo.h /usr/include/c++/8/cstdlib /usr/include/c++/8/bits/algorithmfwd.h /usr/include/c++/8/bits/stl_heap.h /usr/include/c++/8/bits/stl_tempbuf.h /usr/include/c++/8/bits/stl_construct.h /usr/include/c++/8/ext/alloc_traits.h /usr/include/c++/8/bits/alloc_traits.h /usr/include/c++/8/bits/memoryfwd.h /usr/include/c++/8/bits/uniform_int_dist.h /usr/include/c++/8/limits /usr/include/c++/8/string /usr/include/c++/8/bits/stringfwd.h /usr/include/c++/8/bits/char_traits.h /usr/include/c++/8/bits/postypes.h /usr/include/c++/8/cwchar /usr/include/c++/8/cstdint /usr/include/c++/8/bits/allocator.h /usr/include/x86_64-linux-gnu/c++/8/bits/c++allocator.h /usr/include/c++/8/ext/new_allocator.h /usr/include/c++/8/bits/localefwd.h /usr/include/x86_64-linux-gnu/c++/8/bits/c++locale.h /usr/include/c++/8/clocale /usr/include/c++/8/iosfwd /usr/include/c++/8/cctype /usr/include/c++/8/bits/ostream_insert.h /usr/include/c++/8/bits/cxxabi_forced.h /usr/include/c++/8/bits/stl_function.h /usr/include/c++/8/backward/binders.h /usr/include/c++/8/bits/range_access.h /usr/include/c++/8/bits/basic_string.h /usr/include/c++/8/ext/atomicity.h /usr/include/x86_64-linux-gnu/c++/8/bits/gthr.h /usr/include/x86_64-linux-gnu/c++/8/bits/gthr-default.h /usr/include/x86_64-linux-gnu/c++/8/bits/atomic_word.h /usr/include/c++/8/ext/string_conversions.h /usr/include/c++/8/cstdio /usr/include/c++/8/cerrno /usr/include/c++/8/bits/functional_hash.h /usr/include/c++/8/bits/basic_string.tcc
#  Implicit rule search has not been done.
#  Modification time never checked.
#  File has not been updated.

/usr/include/c++/8/bits/ptr_traits.h:
#  Implicit rule search has not been done.
#  Modification time never checked.
#  File has not been updated.

/usr/include/c++/8/climits:
#  Implicit rule search has not been done.
#  Modification time never checked.
#  File has not been updated.

src/tests/../myRandom/myRandom.cuh:
#  Implicit rule search has not been done.
#  Modification time never checked.
#  File has not been updated.

/usr/include/c++/8/backward/binders.h:
#  Implicit rule search has not been done.
#  Modification time never checked.
#  File has not been updated.

/usr/include/x86_64-linux-gnu/c++/8/bits/c++config.h:
#  Implicit rule search has not been done.
#  Modification time never checked.
#  File has not been updated.

/usr/include/c++/8/bits/stl_iterator.h:
#  Implicit rule search has not been done.
#  Modification time never checked.
#  File has not been updated.

test_stoch: obj/tests/test_makefile.o obj/tests/test_stoch.o obj/tests/test_myRandom.o obj/payOff/pathGenerator.o obj/payOff/option_prices.o obj/payOff/schedule/schedule.o obj/myRandom/myRandom.o obj/myRandom/myRandom_gnr/combined.o obj/myRandom/myRandom_gnr/linCongruential.o obj/myRandom/myRandom_gnr/tausworth.o obj/stoch_proc/stoch_imp/stoch_euler.o obj/stoch_proc/stoch_imp/stoch_exact.o obj/stoch_proc/stoch.o obj/support_lib/myudouble.o obj/support_lib/lib.o
#  Implicit rule search has not been done.
#  Modification time never checked.
#  File has not been updated.
#  recipe to execute (from 'Makefile', line 62):
	@printf "\n"
	$(CC) $(LDFLAGS) -o $(TARGETDIR)/$@ $(FILTER_OBJ) $(call FILTER_IN,$(basename $@),$(OBJECTS))\
	&& ./$(TARGETDIR)/$@

# Not a target:
obj/support_lib/myudouble.d:
#  Implicit rule search has been done.
#  Last modified 2022-06-06 19:12:20.952166015
#  File has been updated.
#  Successfully updated.

/usr/include/c++/8/typeinfo:
#  Implicit rule search has not been done.
#  Modification time never checked.
#  File has not been updated.

/usr/include/c++/8/bits/streambuf_iterator.h:
#  Implicit rule search has not been done.
#  Modification time never checked.
#  File has not been updated.

/usr/include/c++/8/fstream:
#  Implicit rule search has not been done.
#  Modification time never checked.
#  File has not been updated.

# Not a target:
obj/stoch_proc/stoch_imp/stoch_euler.d:
#  Implicit rule search has been done.
#  Last modified 2022-06-06 19:12:04.263744945
#  File has been updated.
#  Successfully updated.

/usr/include/c++/8/cstdio:
#  Implicit rule search has not been done.
#  Modification time never checked.
#  File has not been updated.

src/tests/../myRandom/myRandom_gnr/tausworth.cuh:
#  Implicit rule search has not been done.
#  Modification time never checked.
#  File has not been updated.

obj/stoch_proc/stoch.o: src/stoch_proc/stoch.cu /usr/include/x86_64-linux-gnu/c++/8/bits/c++config.h /usr/include/x86_64-linux-gnu/c++/8/bits/os_defines.h /usr/include/x86_64-linux-gnu/c++/8/bits/cpu_defines.h /usr/include/c++/8/exception /usr/include/c++/8/bits/exception.h /usr/include/c++/8/bits/exception_ptr.h /usr/include/c++/8/bits/exception_defines.h /usr/include/c++/8/bits/cxxabi_init_exception.h /usr/include/c++/8/typeinfo /usr/include/c++/8/bits/hash_bytes.h /usr/include/c++/8/new /usr/include/c++/8/bits/nested_exception.h /usr/include/c++/8/bits/move.h /usr/include/c++/8/bits/concept_check.h /usr/include/c++/8/type_traits /usr/include/c++/8/bits/std_abs.h /usr/include/c++/8/bits/cpp_type_traits.h /usr/include/c++/8/ext/type_traits.h src/stoch_proc/stoch.cuh /usr/include/c++/8/math.h
#  Implicit rule search has not been done.
#  Modification time never checked.
#  File has not been updated.

cleaner: clean
#  Phony target (prerequisite of .PHONY).
#  Implicit rule search has not been done.
#  File does not exist.
#  File has not been updated.
#  recipe to execute (from 'Makefile', line 52):
	@$(RM) -r $(TARGETDIR)

/usr/include/c++/8/clocale:
#  Implicit rule search has not been done.
#  Modification time never checked.
#  File has not been updated.

/usr/include/x86_64-linux-gnu/c++/8/bits/c++locale.h:
#  Implicit rule search has not been done.
#  Modification time never checked.
#  File has not been updated.

test_makefile: obj/tests/test_makefile.o obj/tests/test_stoch.o obj/tests/test_myRandom.o obj/payOff/pathGenerator.o obj/payOff/option_prices.o obj/payOff/schedule/schedule.o obj/myRandom/myRandom.o obj/myRandom/myRandom_gnr/combined.o obj/myRandom/myRandom_gnr/linCongruential.o obj/myRandom/myRandom_gnr/tausworth.o obj/stoch_proc/stoch_imp/stoch_euler.o obj/stoch_proc/stoch_imp/stoch_exact.o obj/stoch_proc/stoch.o obj/support_lib/myudouble.o obj/support_lib/lib.o
#  Implicit rule search has not been done.
#  Modification time never checked.
#  File has not been updated.
#  recipe to execute (from 'Makefile', line 62):
	@printf "\n"
	$(CC) $(LDFLAGS) -o $(TARGETDIR)/$@ $(FILTER_OBJ) $(call FILTER_IN,$(basename $@),$(OBJECTS))\
	&& ./$(TARGETDIR)/$@

src/tests/test_myRandom.cu:
#  Implicit rule search has not been done.
#  Modification time never checked.
#  File has not been updated.

/usr/include/c++/8/debug/assertions.h:
#  Implicit rule search has not been done.
#  Modification time never checked.
#  File has not been updated.

/usr/include/c++/8/bits/exception.h:
#  Implicit rule search has not been done.
#  Modification time never checked.
#  File has not been updated.

/usr/include/c++/8/cwctype:
#  Implicit rule search has not been done.
#  Modification time never checked.
#  File has not been updated.
 

obj/tests/test_makefile.o: src/tests/test_makefile.cu /usr/include/x86_64-linux-gnu/c++/8/bits/c++config.h /usr/include/x86_64-linux-gnu/c++/8/bits/os_defines.h /usr/include/x86_64-linux-gnu/c++/8/bits/cpu_defines.h /usr/include/c++/8/exception /usr/include/c++/8/bits/exception.h /usr/include/c++/8/bits/exception_ptr.h /usr/include/c++/8/bits/exception_defines.h /usr/include/c++/8/bits/cxxabi_init_exception.h /usr/include/c++/8/typeinfo /usr/include/c++/8/bits/hash_bytes.h /usr/include/c++/8/new /usr/include/c++/8/bits/nested_exception.h /usr/include/c++/8/bits/move.h /usr/include/c++/8/bits/concept_check.h /usr/include/c++/8/type_traits /usr/include/c++/8/bits/std_abs.h /usr/include/c++/8/bits/cpp_type_traits.h /usr/include/c++/8/ext/type_traits.h
#  Implicit rule search has not been done.
#  Modification time never checked.
#  File has not been updated.

# Not a target:
.DEFAULT:
#  Implicit rule search has not been done.
#  Modification time never checked.
#  File has not been updated.

obj/tests/test_stoch.o: src/tests/test_stoch.cu /usr/include/x86_64-linux-gnu/c++/8/bits/c++config.h /usr/include/x86_64-linux-gnu/c++/8/bits/os_defines.h /usr/include/x86_64-linux-gnu/c++/8/bits/cpu_defines.h /usr/include/c++/8/exception /usr/include/c++/8/bits/exception.h /usr/include/c++/8/bits/exception_ptr.h /usr/include/c++/8/bits/exception_defines.h /usr/include/c++/8/bits/cxxabi_init_exception.h /usr/include/c++/8/typeinfo /usr/include/c++/8/bits/hash_bytes.h /usr/include/c++/8/new /usr/include/c++/8/bits/nested_exception.h /usr/include/c++/8/bits/move.h /usr/include/c++/8/bits/concept_check.h /usr/include/c++/8/type_traits /usr/include/c++/8/bits/std_abs.h /usr/include/c++/8/bits/cpp_type_traits.h /usr/include/c++/8/ext/type_traits.h /usr/include/c++/8/iostream /usr/include/c++/8/ostream /usr/include/c++/8/ios /usr/include/c++/8/iosfwd /usr/include/c++/8/bits/stringfwd.h /usr/include/c++/8/bits/memoryfwd.h /usr/include/c++/8/bits/postypes.h /usr/include/c++/8/cwchar /usr/include/c++/8/bits/char_traits.h /usr/include/c++/8/bits/stl_algobase.h /usr/include/c++/8/bits/functexcept.h /usr/include/c++/8/ext/numeric_traits.h /usr/include/c++/8/bits/stl_pair.h /usr/include/c++/8/bits/stl_iterator_base_types.h /usr/include/c++/8/bits/stl_iterator_base_funcs.h /usr/include/c++/8/debug/assertions.h /usr/include/c++/8/bits/stl_iterator.h /usr/include/c++/8/bits/ptr_traits.h /usr/include/c++/8/debug/debug.h /usr/include/c++/8/bits/predefined_ops.h /usr/include/c++/8/cstdint /usr/include/c++/8/bits/localefwd.h /usr/include/x86_64-linux-gnu/c++/8/bits/c++locale.h /usr/include/c++/8/clocale /usr/include/c++/8/cctype /usr/include/c++/8/bits/ios_base.h /usr/include/c++/8/ext/atomicity.h /usr/include/x86_64-linux-gnu/c++/8/bits/gthr.h /usr/include/x86_64-linux-gnu/c++/8/bits/gthr-default.h /usr/include/x86_64-linux-gnu/c++/8/bits/atomic_word.h /usr/include/c++/8/bits/locale_classes.h /usr/include/c++/8/string /usr/include/c++/8/bits/allocator.h /usr/include/x86_64-linux-gnu/c++/8/bits/c++allocator.h /usr/include/c++/8/ext/new_allocator.h /usr/include/c++/8/bits/ostream_insert.h /usr/include/c++/8/bits/cxxabi_forced.h /usr/include/c++/8/bits/stl_function.h /usr/include/c++/8/backward/binders.h /usr/include/c++/8/bits/range_access.h /usr/include/c++/8/initializer_list /usr/include/c++/8/bits/basic_string.h /usr/include/c++/8/ext/alloc_traits.h /usr/include/c++/8/bits/alloc_traits.h /usr/include/c++/8/ext/string_conversions.h /usr/include/c++/8/cstdlib /usr/include/c++/8/cstdio /usr/include/c++/8/cerrno /usr/include/c++/8/bits/functional_hash.h /usr/include/c++/8/bits/basic_string.tcc /usr/include/c++/8/bits/locale_classes.tcc /usr/include/c++/8/system_error /usr/include/x86_64-linux-gnu/c++/8/bits/error_constants.h /usr/include/c++/8/stdexcept /usr/include/c++/8/streambuf /usr/include/c++/8/bits/streambuf.tcc /usr/include/c++/8/bits/basic_ios.h /usr/include/c++/8/bits/locale_facets.h /usr/include/c++/8/cwctype /usr/include/x86_64-linux-gnu/c++/8/bits/ctype_base.h /usr/include/c++/8/bits/streambuf_iterator.h /usr/include/x86_64-linux-gnu/c++/8/bits/ctype_inline.h /usr/include/c++/8/bits/locale_facets.tcc /usr/include/c++/8/bits/basic_ios.tcc /usr/include/c++/8/bits/ostream.tcc /usr/include/c++/8/istream /usr/include/c++/8/bits/istream.tcc /usr/include/c++/8/fstream /usr/include/c++/8/bits/codecvt.h /usr/include/x86_64-linux-gnu/c++/8/bits/basic_file.h /usr/include/x86_64-linux-gnu/c++/8/bits/c++io.h /usr/include/c++/8/bits/fstream.tcc src/tests/../stoch_proc/stoch_imp/stoch_euler.cuh src/tests/../stoch_proc/stoch_imp/../stoch.cuh /usr/include/c++/8/math.h src/tests/../myRandom/myRandom_gnr/tausworth.cuh src/tests/../myRandom/myRandom_gnr/../myRandom.cuh /usr/include/c++/8/climits src/tests/../support_lib/lib.cuh /usr/include/c++/8/algorithm /usr/include/c++/8/utility /usr/include/c++/8/bits/stl_relops.h /usr/include/c++/8/bits/stl_algo.h /usr/include/c++/8/bits/algorithmfwd.h /usr/include/c++/8/bits/stl_heap.h /usr/include/c++/8/bits/stl_tempbuf.h /usr/include/c++/8/bits/stl_construct.h /usr/include/c++/8/bits/uniform_int_dist.h /usr/include/c++/8/limits
#  Implicit rule search has not been done.
#  Modification time never checked.
#  File has not been updated.

/usr/include/c++/8/bits/fstream.tcc:
#  Implicit rule search has not been done.
#  Modification time never checked.
#  File has not been updated.

src/myRandom/myRandom.cu:
#  Implicit rule search has not been done.
#  Modification time never checked.
#  File has not been updated.

/usr/include/x86_64-linux-gnu/c++/8/bits/c++io.h:
#  Implicit rule search has not been done.
#  Modification time never checked.
#  File has not been updated.

/usr/include/c++/8/ostream:
#  Implicit rule search has not been done.
#  Modification time never checked.
#  File has not been updated.

obj/payOff/pathGenerator.o: src/payOff/pathGenerator.cu /usr/include/x86_64-linux-gnu/c++/8/bits/c++config.h /usr/include/x86_64-linux-gnu/c++/8/bits/os_defines.h /usr/include/x86_64-linux-gnu/c++/8/bits/cpu_defines.h /usr/include/c++/8/exception /usr/include/c++/8/bits/exception.h /usr/include/c++/8/bits/exception_ptr.h /usr/include/c++/8/bits/exception_defines.h /usr/include/c++/8/bits/cxxabi_init_exception.h /usr/include/c++/8/typeinfo /usr/include/c++/8/bits/hash_bytes.h /usr/include/c++/8/new /usr/include/c++/8/bits/nested_exception.h /usr/include/c++/8/bits/move.h /usr/include/c++/8/bits/concept_check.h /usr/include/c++/8/type_traits /usr/include/c++/8/bits/std_abs.h /usr/include/c++/8/bits/cpp_type_traits.h /usr/include/c++/8/ext/type_traits.h src/payOff/pathGenerator.cuh src/payOff/../myRandom/myRandom.cuh /usr/include/c++/8/iostream /usr/include/c++/8/ostream /usr/include/c++/8/ios /usr/include/c++/8/iosfwd /usr/include/c++/8/bits/stringfwd.h /usr/include/c++/8/bits/memoryfwd.h /usr/include/c++/8/bits/postypes.h /usr/include/c++/8/cwchar /usr/include/c++/8/bits/char_traits.h /usr/include/c++/8/bits/stl_algobase.h /usr/include/c++/8/bits/functexcept.h /usr/include/c++/8/ext/numeric_traits.h /usr/include/c++/8/bits/stl_pair.h /usr/include/c++/8/bits/stl_iterator_base_types.h /usr/include/c++/8/bits/stl_iterator_base_funcs.h /usr/include/c++/8/debug/assertions.h /usr/include/c++/8/bits/stl_iterator.h /usr/include/c++/8/bits/ptr_traits.h /usr/include/c++/8/debug/debug.h /usr/include/c++/8/bits/predefined_ops.h /usr/include/c++/8/cstdint /usr/include/c++/8/bits/localefwd.h /usr/include/x86_64-linux-gnu/c++/8/bits/c++locale.h /usr/include/c++/8/clocale /usr/include/c++/8/cctype /usr/include/c++/8/bits/ios_base.h /usr/include/c++/8/ext/atomicity.h /usr/include/x86_64-linux-gnu/c++/8/bits/gthr.h /usr/include/x86_64-linux-gnu/c++/8/bits/gthr-default.h /usr/include/x86_64-linux-gnu/c++/8/bits/atomic_word.h /usr/include/c++/8/bits/locale_classes.h /usr/include/c++/8/string /usr/include/c++/8/bits/allocator.h /usr/include/x86_64-linux-gnu/c++/8/bits/c++allocator.h /usr/include/c++/8/ext/new_allocator.h /usr/include/c++/8/bits/ostream_insert.h /usr/include/c++/8/bits/cxxabi_forced.h /usr/include/c++/8/bits/stl_function.h /usr/include/c++/8/backward/binders.h /usr/include/c++/8/bits/range_access.h /usr/include/c++/8/initializer_list /usr/include/c++/8/bits/basic_string.h /usr/include/c++/8/ext/alloc_traits.h /usr/include/c++/8/bits/alloc_traits.h /usr/include/c++/8/ext/string_conversions.h /usr/include/c++/8/cstdlib /usr/include/c++/8/cstdio /usr/include/c++/8/cerrno /usr/include/c++/8/bits/functional_hash.h /usr/include/c++/8/bits/basic_string.tcc /usr/include/c++/8/bits/locale_classes.tcc /usr/include/c++/8/system_error /usr/include/x86_64-linux-gnu/c++/8/bits/error_constants.h /usr/include/c++/8/stdexcept /usr/include/c++/8/streambuf /usr/include/c++/8/bits/streambuf.tcc /usr/include/c++/8/bits/basic_ios.h /usr/include/c++/8/bits/locale_facets.h /usr/include/c++/8/cwctype /usr/include/x86_64-linux-gnu/c++/8/bits/ctype_base.h /usr/include/c++/8/bits/streambuf_iterator.h /usr/include/x86_64-linux-gnu/c++/8/bits/ctype_inline.h /usr/include/c++/8/bits/locale_facets.tcc /usr/include/c++/8/bits/basic_ios.tcc /usr/include/c++/8/bits/ostream.tcc /usr/include/c++/8/istream /usr/include/c++/8/bits/istream.tcc /usr/include/c++/8/math.h /usr/include/c++/8/climits src/payOff/../stoch_proc/stoch.cuh src/payOff/./schedule/schedule.cuh /usr/include/c++/8/cassert
#  Implicit rule search has not been done.
#  Modification time never checked.
#  File has not been updated.

/usr/include/c++/8/bits/cxxabi_forced.h:
#  Implicit rule search has not been done.
#  Modification time never checked.
#  File has not been updated.

/usr/include/x86_64-linux-gnu/c++/8/bits/gthr.h:
#  Implicit rule search has not been done.
#  Modification time never checked.
#  File has not been updated.

obj/stoch_proc/stoch_imp/stoch_exact.o: src/stoch_proc/stoch_imp/stoch_exact.cu /usr/include/x86_64-linux-gnu/c++/8/bits/c++config.h /usr/include/x86_64-linux-gnu/c++/8/bits/os_defines.h /usr/include/x86_64-linux-gnu/c++/8/bits/cpu_defines.h /usr/include/c++/8/exception /usr/include/c++/8/bits/exception.h /usr/include/c++/8/bits/exception_ptr.h /usr/include/c++/8/bits/exception_defines.h /usr/include/c++/8/bits/cxxabi_init_exception.h /usr/include/c++/8/typeinfo /usr/include/c++/8/bits/hash_bytes.h /usr/include/c++/8/new /usr/include/c++/8/bits/nested_exception.h /usr/include/c++/8/bits/move.h /usr/include/c++/8/bits/concept_check.h /usr/include/c++/8/type_traits /usr/include/c++/8/bits/std_abs.h /usr/include/c++/8/bits/cpp_type_traits.h /usr/include/c++/8/ext/type_traits.h src/stoch_proc/stoch_imp/stoch_exact.cuh src/stoch_proc/stoch_imp/../stoch.cuh /usr/include/c++/8/math.h
#  Implicit rule search has not been done.
#  Modification time never checked.
#  File has not been updated.

src/myRandom/myRandom_gnr/tausworth.cuh:
#  Implicit rule search has not been done.
#  Modification time never checked.
#  File has not been updated.

/usr/include/c++/8/bits/stl_function.h:
#  Implicit rule search has not been done.
#  Modification time never checked.
#  File has not been updated.

/usr/include/c++/8/bits/concept_check.h:
#  Implicit rule search has not been done.
#  Modification time never checked.
#  File has not been updated.

src/payOff/schedule/schedule.cu:
#  Implicit rule search has not been done.
#  Modification time never checked.
#  File has not been updated.

clean:
#  Phony target (prerequisite of .PHONY).
#  Implicit rule search has not been done.
#  File does not exist.
#  File has not been updated.
#  recipe to execute (from 'Makefile', line 48):
	@$(RM) -r $(BUILDDIR)

/usr/include/c++/8/bits/basic_ios.tcc:
#  Implicit rule search has not been done.
#  Modification time never checked.
#  File has not been updated.

/usr/include/x86_64-linux-gnu/c++/8/bits/basic_file.h:
#  Implicit rule search has not been done.
#  Modification time never checked.
#  File has not been updated.

/usr/include/x86_64-linux-gnu/c++/8/bits/gthr-default.h:
#  Implicit rule search has not been done.
#  Modification time never checked.
#  File has not been updated.

obj/myRandom/myRandom_gnr/linCongruential.o: src/myRandom/myRandom_gnr/linCongruential.cu /usr/include/x86_64-linux-gnu/c++/8/bits/c++config.h /usr/include/x86_64-linux-gnu/c++/8/bits/os_defines.h /usr/include/x86_64-linux-gnu/c++/8/bits/cpu_defines.h /usr/include/c++/8/exception /usr/include/c++/8/bits/exception.h /usr/include/c++/8/bits/exception_ptr.h /usr/include/c++/8/bits/exception_defines.h /usr/include/c++/8/bits/cxxabi_init_exception.h /usr/include/c++/8/typeinfo /usr/include/c++/8/bits/hash_bytes.h /usr/include/c++/8/new /usr/include/c++/8/bits/nested_exception.h /usr/include/c++/8/bits/move.h /usr/include/c++/8/bits/concept_check.h /usr/include/c++/8/type_traits /usr/include/c++/8/bits/std_abs.h /usr/include/c++/8/bits/cpp_type_traits.h /usr/include/c++/8/ext/type_traits.h src/myRandom/myRandom_gnr/linCongruential.cuh src/myRandom/myRandom_gnr/../myRandom.cuh /usr/include/c++/8/iostream /usr/include/c++/8/ostream /usr/include/c++/8/ios /usr/include/c++/8/iosfwd /usr/include/c++/8/bits/stringfwd.h /usr/include/c++/8/bits/memoryfwd.h /usr/include/c++/8/bits/postypes.h /usr/include/c++/8/cwchar /usr/include/c++/8/bits/char_traits.h /usr/include/c++/8/bits/stl_algobase.h /usr/include/c++/8/bits/functexcept.h /usr/include/c++/8/ext/numeric_traits.h /usr/include/c++/8/bits/stl_pair.h /usr/include/c++/8/bits/stl_iterator_base_types.h /usr/include/c++/8/bits/stl_iterator_base_funcs.h /usr/include/c++/8/debug/assertions.h /usr/include/c++/8/bits/stl_iterator.h /usr/include/c++/8/bits/ptr_traits.h /usr/include/c++/8/debug/debug.h /usr/include/c++/8/bits/predefined_ops.h /usr/include/c++/8/cstdint /usr/include/c++/8/bits/localefwd.h /usr/include/x86_64-linux-gnu/c++/8/bits/c++locale.h /usr/include/c++/8/clocale /usr/include/c++/8/cctype /usr/include/c++/8/bits/ios_base.h /usr/include/c++/8/ext/atomicity.h /usr/include/x86_64-linux-gnu/c++/8/bits/gthr.h /usr/include/x86_64-linux-gnu/c++/8/bits/gthr-default.h /usr/include/x86_64-linux-gnu/c++/8/bits/atomic_word.h /usr/include/c++/8/bits/locale_classes.h /usr/include/c++/8/string /usr/include/c++/8/bits/allocator.h /usr/include/x86_64-linux-gnu/c++/8/bits/c++allocator.h /usr/include/c++/8/ext/new_allocator.h /usr/include/c++/8/bits/ostream_insert.h /usr/include/c++/8/bits/cxxabi_forced.h /usr/include/c++/8/bits/stl_function.h /usr/include/c++/8/backward/binders.h /usr/include/c++/8/bits/range_access.h /usr/include/c++/8/initializer_list /usr/include/c++/8/bits/basic_string.h /usr/include/c++/8/ext/alloc_traits.h /usr/include/c++/8/bits/alloc_traits.h /usr/include/c++/8/ext/string_conversions.h /usr/include/c++/8/cstdlib /usr/include/c++/8/cstdio /usr/include/c++/8/cerrno /usr/include/c++/8/bits/functional_hash.h /usr/include/c++/8/bits/basic_string.tcc /usr/include/c++/8/bits/locale_classes.tcc /usr/include/c++/8/system_error /usr/include/x86_64-linux-gnu/c++/8/bits/error_constants.h /usr/include/c++/8/stdexcept /usr/include/c++/8/streambuf /usr/include/c++/8/bits/streambuf.tcc /usr/include/c++/8/bits/basic_ios.h /usr/include/c++/8/bits/locale_facets.h /usr/include/c++/8/cwctype /usr/include/x86_64-linux-gnu/c++/8/bits/ctype_base.h /usr/include/c++/8/bits/streambuf_iterator.h /usr/include/x86_64-linux-gnu/c++/8/bits/ctype_inline.h /usr/include/c++/8/bits/locale_facets.tcc /usr/include/c++/8/bits/basic_ios.tcc /usr/include/c++/8/bits/ostream.tcc /usr/include/c++/8/istream /usr/include/c++/8/bits/istream.tcc /usr/include/c++/8/math.h /usr/include/c++/8/climits
#  Implicit rule search has not been done.
#  Modification time never checked.
#  File has not been updated.

obj/payOff/option_prices.o: src/payOff/option_prices.cu /usr/include/x86_64-linux-gnu/c++/8/bits/c++config.h /usr/include/x86_64-linux-gnu/c++/8/bits/os_defines.h /usr/include/x86_64-linux-gnu/c++/8/bits/cpu_defines.h /usr/include/c++/8/exception /usr/include/c++/8/bits/exception.h /usr/include/c++/8/bits/exception_ptr.h /usr/include/c++/8/bits/exception_defines.h /usr/include/c++/8/bits/cxxabi_init_exception.h /usr/include/c++/8/typeinfo /usr/include/c++/8/bits/hash_bytes.h /usr/include/c++/8/new /usr/include/c++/8/bits/nested_exception.h /usr/include/c++/8/bits/move.h /usr/include/c++/8/bits/concept_check.h /usr/include/c++/8/type_traits /usr/include/c++/8/bits/std_abs.h /usr/include/c++/8/bits/cpp_type_traits.h /usr/include/c++/8/ext/type_traits.h src/payOff/option_prices.cuh /usr/include/c++/8/iostream /usr/include/c++/8/ostream /usr/include/c++/8/ios /usr/include/c++/8/iosfwd /usr/include/c++/8/bits/stringfwd.h /usr/include/c++/8/bits/memoryfwd.h /usr/include/c++/8/bits/postypes.h /usr/include/c++/8/cwchar /usr/include/c++/8/bits/char_traits.h /usr/include/c++/8/bits/stl_algobase.h /usr/include/c++/8/bits/functexcept.h /usr/include/c++/8/ext/numeric_traits.h /usr/include/c++/8/bits/stl_pair.h /usr/include/c++/8/bits/stl_iterator_base_types.h /usr/include/c++/8/bits/stl_iterator_base_funcs.h /usr/include/c++/8/debug/assertions.h /usr/include/c++/8/bits/stl_iterator.h /usr/include/c++/8/bits/ptr_traits.h /usr/include/c++/8/debug/debug.h /usr/include/c++/8/bits/predefined_ops.h /usr/include/c++/8/cstdint /usr/include/c++/8/bits/localefwd.h /usr/include/x86_64-linux-gnu/c++/8/bits/c++locale.h /usr/include/c++/8/clocale /usr/include/c++/8/cctype /usr/include/c++/8/bits/ios_base.h /usr/include/c++/8/ext/atomicity.h /usr/include/x86_64-linux-gnu/c++/8/bits/gthr.h /usr/include/x86_64-linux-gnu/c++/8/bits/gthr-default.h /usr/include/x86_64-linux-gnu/c++/8/bits/atomic_word.h /usr/include/c++/8/bits/locale_classes.h /usr/include/c++/8/string /usr/include/c++/8/bits/allocator.h /usr/include/x86_64-linux-gnu/c++/8/bits/c++allocator.h /usr/include/c++/8/ext/new_allocator.h /usr/include/c++/8/bits/ostream_insert.h /usr/include/c++/8/bits/cxxabi_forced.h /usr/include/c++/8/bits/stl_function.h /usr/include/c++/8/backward/binders.h /usr/include/c++/8/bits/range_access.h /usr/include/c++/8/initializer_list /usr/include/c++/8/bits/basic_string.h /usr/include/c++/8/ext/alloc_traits.h /usr/include/c++/8/bits/alloc_traits.h /usr/include/c++/8/ext/string_conversions.h /usr/include/c++/8/cstdlib /usr/include/c++/8/cstdio /usr/include/c++/8/cerrno /usr/include/c++/8/bits/functional_hash.h /usr/include/c++/8/bits/basic_string.tcc /usr/include/c++/8/bits/locale_classes.tcc /usr/include/c++/8/system_error /usr/include/x86_64-linux-gnu/c++/8/bits/error_constants.h /usr/include/c++/8/stdexcept /usr/include/c++/8/streambuf /usr/include/c++/8/bits/streambuf.tcc /usr/include/c++/8/bits/basic_ios.h /usr/include/c++/8/bits/locale_facets.h /usr/include/c++/8/cwctype /usr/include/x86_64-linux-gnu/c++/8/bits/ctype_base.h /usr/include/c++/8/bits/streambuf_iterator.h /usr/include/x86_64-linux-gnu/c++/8/bits/ctype_inline.h /usr/include/c++/8/bits/locale_facets.tcc /usr/include/c++/8/bits/basic_ios.tcc /usr/include/c++/8/bits/ostream.tcc /usr/include/c++/8/istream /usr/include/c++/8/bits/istream.tcc /usr/include/c++/8/cassert
#  Implicit rule search has not been done.
#  Modification time never checked.
#  File has not been updated.

/usr/include/c++/8/bits/exception_defines.h:
#  Implicit rule search has not been done.
#  Modification time never checked.
#  File has not been updated.

src/myRandom/myRandom_gnr/combined.cu:
#  Implicit rule search has not been done.
#  Modification time never checked.
#  File has not been updated.

/usr/include/c++/8/cassert:
#  Implicit rule search has not been done.
#  Modification time never checked.
#  File has not been updated.

/usr/include/c++/8/bits/ostream.tcc:
#  Implicit rule search has not been done.
#  Modification time never checked.
#  File has not been updated.

/usr/include/x86_64-linux-gnu/c++/8/bits/error_constants.h:
#  Implicit rule search has not been done.
#  Modification time never checked.
#  File has not been updated.

/usr/include/c++/8/cwchar:
#  Implicit rule search has not been done.
#  Modification time never checked.
#  File has not been updated.

/usr/include/c++/8/bits/uniform_int_dist.h:
#  Implicit rule search has not been done.
#  Modification time never checked.
#  File has not been updated.

obj/support_lib/myudouble.o: src/support_lib/myudouble.cu /usr/include/x86_64-linux-gnu/c++/8/bits/c++config.h /usr/include/x86_64-linux-gnu/c++/8/bits/os_defines.h /usr/include/x86_64-linux-gnu/c++/8/bits/cpu_defines.h /usr/include/c++/8/exception /usr/include/c++/8/bits/exception.h /usr/include/c++/8/bits/exception_ptr.h /usr/include/c++/8/bits/exception_defines.h /usr/include/c++/8/bits/cxxabi_init_exception.h /usr/include/c++/8/typeinfo /usr/include/c++/8/bits/hash_bytes.h /usr/include/c++/8/new /usr/include/c++/8/bits/nested_exception.h /usr/include/c++/8/bits/move.h /usr/include/c++/8/bits/concept_check.h /usr/include/c++/8/type_traits /usr/include/c++/8/bits/std_abs.h /usr/include/c++/8/bits/cpp_type_traits.h /usr/include/c++/8/ext/type_traits.h /usr/include/c++/8/cassert src/support_lib/myudouble.cuh
#  Implicit rule search has not been done.
#  Modification time never checked.
#  File has not been updated.

/usr/include/x86_64-linux-gnu/c++/8/bits/os_defines.h:
#  Implicit rule search has not been done.
#  Modification time never checked.
#  File has not been updated.

/usr/include/x86_64-linux-gnu/c++/8/bits/atomic_word.h:
#  Implicit rule search has not been done.
#  Modification time never checked.
#  File has not been updated.

/usr/include/c++/8/bits/locale_facets.tcc:
#  Implicit rule search has not been done.
#  Modification time never checked.
#  File has not been updated.

obj/stoch_proc/stoch_imp/stoch_euler.o: src/stoch_proc/stoch_imp/stoch_euler.cu /usr/include/x86_64-linux-gnu/c++/8/bits/c++config.h /usr/include/x86_64-linux-gnu/c++/8/bits/os_defines.h /usr/include/x86_64-linux-gnu/c++/8/bits/cpu_defines.h /usr/include/c++/8/exception /usr/include/c++/8/bits/exception.h /usr/include/c++/8/bits/exception_ptr.h /usr/include/c++/8/bits/exception_defines.h /usr/include/c++/8/bits/cxxabi_init_exception.h /usr/include/c++/8/typeinfo /usr/include/c++/8/bits/hash_bytes.h /usr/include/c++/8/new /usr/include/c++/8/bits/nested_exception.h /usr/include/c++/8/bits/move.h /usr/include/c++/8/bits/concept_check.h /usr/include/c++/8/type_traits /usr/include/c++/8/bits/std_abs.h /usr/include/c++/8/bits/cpp_type_traits.h /usr/include/c++/8/ext/type_traits.h src/stoch_proc/stoch_imp/stoch_euler.cuh src/stoch_proc/stoch_imp/../stoch.cuh /usr/include/c++/8/math.h
#  Implicit rule search has not been done.
#  Modification time never checked.
#  File has not been updated.

/usr/include/c++/8/bits/basic_ios.h:
#  Implicit rule search has not been done.
#  Modification time never checked.
#  File has not been updated.

/usr/include/c++/8/bits/stl_algobase.h:
#  Implicit rule search has not been done.
#  Modification time never checked.
#  File has not been updated.

/usr/include/c++/8/limits:
#  Implicit rule search has not been done.
#  Modification time never checked.
#  File has not been updated.

/usr/include/c++/8/new:
#  Implicit rule search has not been done.
#  Modification time never checked.
#  File has not been updated.

/usr/include/c++/8/bits/stl_algo.h:
#  Implicit rule search has not been done.
#  Modification time never checked.
#  File has not been updated.

# Not a target:
obj/tests/test_myRandom.d:
#  Implicit rule search has been done.
#  Last modified 2022-06-06 19:11:56.103545286
#  File has been updated.
#  Successfully updated.

src/myRandom/myRandom_gnr/linCongruential.cuh:
#  Implicit rule search has not been done.
#  Modification time never checked.
#  File has not been updated.

/usr/include/c++/8/bits/range_access.h:
#  Implicit rule search has not been done.
#  Modification time never checked.
#  File has not been updated.

src/myRandom/myRandom.cuh:
#  Implicit rule search has not been done.
#  Modification time never checked.
#  File has not been updated.

/usr/include/c++/8/bits/cpp_type_traits.h:
#  Implicit rule search has not been done.
#  Modification time never checked.
#  File has not been updated.

src/tests/../myRandom/myRandom_gnr/../myRandom.cuh:
#  Implicit rule search has not been done.
#  Modification time never checked.
#  File has not been updated.

src/tests/test_stoch.cu:
#  Implicit rule search has not been done.
#  Modification time never checked.
#  File has not been updated.

/usr/include/x86_64-linux-gnu/c++/8/bits/cpu_defines.h:
#  Implicit rule search has not been done.
#  Modification time never checked.
#  File has not been updated.

/usr/include/c++/8/bits/exception_ptr.h:
#  Implicit rule search has not been done.
#  Modification time never checked.
#  File has not been updated.

src/stoch_proc/stoch.cu:
#  Implicit rule search has not been done.
#  Modification time never checked.
#  File has not been updated.

/usr/include/c++/8/bits/char_traits.h:
#  Implicit rule search has not been done.
#  Modification time never checked.
#  File has not been updated.

/usr/include/c++/8/bits/locale_facets.h:
#  Implicit rule search has not been done.
#  Modification time never checked.
#  File has not been updated.

 
obj/myRandom/myRandom_gnr/tausworth.o: src/myRandom/myRandom_gnr/tausworth.cu /usr/include/x86_64-linux-gnu/c++/8/bits/c++config.h /usr/include/x86_64-linux-gnu/c++/8/bits/os_defines.h /usr/include/x86_64-linux-gnu/c++/8/bits/cpu_defines.h /usr/include/c++/8/exception /usr/include/c++/8/bits/exception.h /usr/include/c++/8/bits/exception_ptr.h /usr/include/c++/8/bits/exception_defines.h /usr/include/c++/8/bits/cxxabi_init_exception.h /usr/include/c++/8/typeinfo /usr/include/c++/8/bits/hash_bytes.h /usr/include/c++/8/new /usr/include/c++/8/bits/nested_exception.h /usr/include/c++/8/bits/move.h /usr/include/c++/8/bits/concept_check.h /usr/include/c++/8/type_traits /usr/include/c++/8/bits/std_abs.h /usr/include/c++/8/bits/cpp_type_traits.h /usr/include/c++/8/ext/type_traits.h src/myRandom/myRandom_gnr/tausworth.cuh src/myRandom/myRandom_gnr/../myRandom.cuh /usr/include/c++/8/iostream /usr/include/c++/8/ostream /usr/include/c++/8/ios /usr/include/c++/8/iosfwd /usr/include/c++/8/bits/stringfwd.h /usr/include/c++/8/bits/memoryfwd.h /usr/include/c++/8/bits/postypes.h /usr/include/c++/8/cwchar /usr/include/c++/8/bits/char_traits.h /usr/include/c++/8/bits/stl_algobase.h /usr/include/c++/8/bits/functexcept.h /usr/include/c++/8/ext/numeric_traits.h /usr/include/c++/8/bits/stl_pair.h /usr/include/c++/8/bits/stl_iterator_base_types.h /usr/include/c++/8/bits/stl_iterator_base_funcs.h /usr/include/c++/8/debug/assertions.h /usr/include/c++/8/bits/stl_iterator.h /usr/include/c++/8/bits/ptr_traits.h /usr/include/c++/8/debug/debug.h /usr/include/c++/8/bits/predefined_ops.h /usr/include/c++/8/cstdint /usr/include/c++/8/bits/localefwd.h /usr/include/x86_64-linux-gnu/c++/8/bits/c++locale.h /usr/include/c++/8/clocale /usr/include/c++/8/cctype /usr/include/c++/8/bits/ios_base.h /usr/include/c++/8/ext/atomicity.h /usr/include/x86_64-linux-gnu/c++/8/bits/gthr.h /usr/include/x86_64-linux-gnu/c++/8/bits/gthr-default.h /usr/include/x86_64-linux-gnu/c++/8/bits/atomic_word.h /usr/include/c++/8/bits/locale_classes.h /usr/include/c++/8/string /usr/include/c++/8/bits/allocator.h /usr/include/x86_64-linux-gnu/c++/8/bits/c++allocator.h /usr/include/c++/8/ext/new_allocator.h /usr/include/c++/8/bits/ostream_insert.h /usr/include/c++/8/bits/cxxabi_forced.h /usr/include/c++/8/bits/stl_function.h /usr/include/c++/8/backward/binders.h /usr/include/c++/8/bits/range_access.h /usr/include/c++/8/initializer_list /usr/include/c++/8/bits/basic_string.h /usr/include/c++/8/ext/alloc_traits.h /usr/include/c++/8/bits/alloc_traits.h /usr/include/c++/8/ext/string_conversions.h /usr/include/c++/8/cstdlib /usr/include/c++/8/cstdio /usr/include/c++/8/cerrno /usr/include/c++/8/bits/functional_hash.h /usr/include/c++/8/bits/basic_string.tcc /usr/include/c++/8/bits/locale_classes.tcc /usr/include/c++/8/system_error /usr/include/x86_64-linux-gnu/c++/8/bits/error_constants.h /usr/include/c++/8/stdexcept /usr/include/c++/8/streambuf /usr/include/c++/8/bits/streambuf.tcc /usr/include/c++/8/bits/basic_ios.h /usr/include/c++/8/bits/locale_facets.h /usr/include/c++/8/cwctype /usr/include/x86_64-linux-gnu/c++/8/bits/ctype_base.h /usr/include/c++/8/bits/streambuf_iterator.h /usr/include/x86_64-linux-gnu/c++/8/bits/ctype_inline.h /usr/include/c++/8/bits/locale_facets.tcc /usr/include/c++/8/bits/basic_ios.tcc /usr/include/c++/8/bits/ostream.tcc /usr/include/c++/8/istream /usr/include/c++/8/bits/istream.tcc /usr/include/c++/8/math.h /usr/include/c++/8/climits
#  Implicit rule search has not been done.
#  Modification time never checked.
#  File has not been updated.

/usr/include/c++/8/cstdlib:
#  Implicit rule search has not been done.
#  Modification time never checked.
#  File has not been updated.

/usr/include/c++/8/iosfwd:
#  Implicit rule search has not been done.
#  Modification time never checked.
#  File has not been updated.

/usr/include/c++/8/ext/atomicity.h:
#  Implicit rule search has not been done.
#  Modification time never checked.
#  File has not been updated.

src/payOff/./schedule/schedule.cuh:
#  Implicit rule search has not been done.
#  Modification time never checked.
#  File has not been updated.

src/payOff/schedule/schedule.cuh:
#  Implicit rule search has not been done.
#  Modification time never checked.
#  File has not been updated.

/usr/include/c++/8/bits/localefwd.h:
#  Implicit rule search has not been done.
#  Modification time never checked.
#  File has not been updated.

/usr/include/c++/8/initializer_list:
#  Implicit rule search has not been done.
#  Modification time never checked.
#  File has not been updated.

directories:
#  Implicit rule search has not been done.
#  Implicit/static pattern stem: ''
#  File does not exist.
#  File has been updated.
#  Needs to be updated (-q is set).
# automatic
# @ := directories
# automatic
# % := 
# automatic
# * := 
# automatic
# + := 
# automatic
# | := 
# automatic
# < := 
# automatic
# ^ := 
# automatic
# ? := 
# variable set hash-table stats:
# Load=8/32=25%, Rehash=0, Collisions=1/13=8%
#  recipe to execute (from 'Makefile', line 43):
	@mkdir -p $(TARGETDIR)
	@mkdir -p $(BUILDDIR)

/usr/include/c++/8/bits/cxxabi_init_exception.h:
#  Implicit rule search has not been done.
#  Modification time never checked.
#  File has not been updated.

src/tests/test_makefile.cu:
#  Implicit rule search has not been done.
#  Modification time never checked.
#  File has not been updated.

# Not a target:
obj/myRandom/myRandom.d:
#  Implicit rule search has been done.
#  Last modified 2022-06-06 19:12:00.623655881
#  File has been updated.
#  Successfully updated.

src/myRandom/myRandom_gnr/combined.cuh:
#  Implicit rule search has not been done.
#  Modification time never checked.
#  File has not been updated.

/usr/include/c++/8/math.h:
#  Implicit rule search has not been done.
#  Modification time never checked.
#  File has not been updated.

src/stoch_proc/stoch_imp/stoch_exact.cuh:
#  Implicit rule search has not been done.
#  Modification time never checked.
#  File has not been updated.

/usr/include/c++/8/bits/stl_heap.h:
#  Implicit rule search has not been done.
#  Modification time never checked.
#  File has not been updated.

/usr/include/c++/8/bits/ostream_insert.h:
#  Implicit rule search has not been done.
#  Modification time never checked.
#  File has not been updated.

/usr/include/c++/8/bits/memoryfwd.h:
#  Implicit rule search has not been done.
#  Modification time never checked.
#  File has not been updated.

/usr/include/c++/8/stdexcept:
#  Implicit rule search has not been done.
#  Modification time never checked.
#  File has not been updated.

src/payOff/pathGenerator.cu:
#  Implicit rule search has not been done.
#  Modification time never checked.
#  File has not been updated.

# Not a target:
obj/myRandom/myRandom_gnr/tausworth.d:
#  Implicit rule search has been done.
#  Last modified 2022-06-06 19:12:03.711731438
#  File has been updated.
#  Successfully updated.

/usr/include/c++/8/ext/alloc_traits.h:
#  Implicit rule search has not been done.
#  Modification time never checked.
#  File has not been updated.

# files hash-table stats:
# Load=184/1024=18%, Rehash=0, Collisions=240/2261=11%
# VPATH Search Paths

# No 'vpath' search paths.

# No general ('VPATH' variable) search path.

# strcache buffers: 1 (0) / strings = 200 / storage = 6372 B / avg = 31 B
# current buf: size = 8162 B / used = 6372 B / count = 200 / avg = 31 B

# strcache performance: lookups = 3160 / hit rate = 93%
# hash-table stats:
# Load=200/8192=2%, Rehash=0, Collisions=5/3160=0%
# Finished Make data base on Wed Jun  8 10:19:43 2022

 
